生成启动时间为 2016/5/23 21:42:04。
     1>项目“C:\Users\Jason\Desktop\新建文件夹\xiaoyouxi_c\经典游戏程序设计\第2章 扫雷\Skyblue_Mine\Mine.vcxproj”在节点 2 上(Rebuild 个目标)。
     1>ClCompile:
         C:\Program Files (x86)\Microsoft Visual Studio 14.0\VC\bin\CL.exe /c /ZI /nologo /W3 /WX- /Od /Oy- /D WIN32 /D _DEBUG /D _WINDOWS /D _VC80_UPGRADE=0x0600 /D _MBCS /D _AFXDLL /Gm /EHsc /RTC1 /MDd /GS /Gy- /fp:precise /Zc:wchar_t /Zc:forScope /Zc:inline /Yc"stdafx.h" /Fp".\Debug\Mine.pch" /Fo".\Debug\\" /Fd".\Debug\vc140.pdb" /FR".\Debug\\" /Gd /TP /analyze- /errorReport:prompt StdAfx.cpp
         StdAfx.cpp
     1>c:\program files (x86)\microsoft visual studio 14.0\vc\atlmfc\include\afx.h(38): warning C4996: 'MBCS_Support_Deprecated_In_MFC': MBCS support in MFC is deprecated and may be removed in a future version of MFC.
         c:\program files (x86)\microsoft visual studio 14.0\vc\atlmfc\include\afx.h(33): note: 参见“MBCS_Support_Deprecated_In_MFC”的声明
         _WIN32_WINNT not defined. Defaulting to _WIN32_WINNT_MAXVER (see WinSDKVer.h)
         C:\Program Files (x86)\Microsoft Visual Studio 14.0\VC\bin\CL.exe /c /ZI /nologo /W3 /WX- /Od /Oy- /D WIN32 /D _DEBUG /D _WINDOWS /D _VC80_UPGRADE=0x0600 /D _MBCS /D _AFXDLL /Gm /EHsc /RTC1 /MDd /GS /Gy- /fp:precise /Zc:wchar_t /Zc:forScope /Zc:inline /Yu"stdafx.h" /Fp".\Debug\Mine.pch" /Fo".\Debug\\" /Fd".\Debug\vc140.pdb" /FR".\Debug\\" /Gd /TP /analyze- /errorReport:prompt DlgCustom.cpp DlgHero.cpp DlgNewRecord.cpp Mine.cpp MineWnd.cpp
         MineWnd.cpp
         Mine.cpp
         DlgNewRecord.cpp
         DlgHero.cpp
         DlgCustom.cpp
         正在生成代码...
       ResourceCompile:
         C:\Program Files (x86)\Windows Kits\8.1\bin\x86\rc.exe /D _DEBUG /D _VC80_UPGRADE=0x0600 /D _AFXDLL /l"0x0804" /nologo /fo".\Debug\Mine.res" Mine.rc 
       Link:
         C:\Program Files (x86)\Microsoft Visual Studio 14.0\VC\bin\link.exe /ERRORREPORT:PROMPT /OUT:".\Debug\Mine.exe" /INCREMENTAL /NOLOGO winmm.lib /MANIFEST /MANIFESTUAC:"level='asInvoker' uiAccess='false'" /manifest:embed /manifestinput:"C:\Program Files (x86)\Microsoft Visual Studio 14.0\VC\Include\Manifest\dpiaware.manifest" /Debug /PDB:".\Debug\Mine.pdb" /SUBSYSTEM:WINDOWS /TLBID:1 /DYNAMICBASE /NXCOMPAT /IMPLIB:".\Debug\Mine.lib" /MACHINE:X86 /SAFESEH .\Debug\Mine.res
         .\Debug\DlgCustom.obj
         .\Debug\DlgHero.obj
         .\Debug\DlgNewRecord.obj
         .\Debug\Mine.obj
         .\Debug\MineWnd.obj
         .\Debug\StdAfx.obj
     1>DlgCustom.obj : warning LNK4075: 忽略“/EDITANDCONTINUE”(由于“/SAFESEH”规范)
         Mine.vcxproj -> C:\Users\Jason\Desktop\新建文件夹\xiaoyouxi_c\经典游戏程序设计\第2章 扫雷\Skyblue_Mine\.\Debug\Mine.exe
       BscMake:
         C:\Program Files (x86)\Microsoft Visual Studio 14.0\VC\bin\bscmake.exe /nologo /o".\Debug\Mine.bsc" .\Debug\DlgCustom.sbr .\Debug\DlgHero.sbr .\Debug\DlgNewRecord.sbr .\Debug\Mine.sbr .\Debug\MineWnd.sbr .\Debug\StdAfx.sbr
     1>已完成生成项目“C:\Users\Jason\Desktop\新建文件夹\xiaoyouxi_c\经典游戏程序设计\第2章 扫雷\Skyblue_Mine\Mine.vcxproj”(Rebuild 个目标)的操作。

已成功生成。

已用时间 00:00:25.51
