c:\users\lenovo\desktop\mysdi\mysdi\debug\mysdi.pch
c:\users\lenovo\desktop\mysdi\mysdi\debug\vc120.pdb
c:\users\lenovo\desktop\mysdi\mysdi\debug\vc120.idb
c:\users\lenovo\desktop\mysdi\mysdi\debug\stdafx.obj
c:\users\lenovo\desktop\mysdi\mysdi\debug\dlginput.obj
c:\users\lenovo\desktop\mysdi\mysdi\debug\mainfrm.obj
c:\users\lenovo\desktop\mysdi\mysdi\debug\mysdi.obj
c:\users\lenovo\desktop\mysdi\mysdi\debug\mysdidoc.obj
c:\users\lenovo\desktop\mysdi\mysdi\debug\mysdiview.obj
c:\users\lenovo\desktop\mysdi\debug\mysdi.ilk
c:\users\lenovo\desktop\mysdi\debug\mysdi.exe
c:\users\lenovo\desktop\mysdi\debug\mysdi.pdb
c:\users\lenovo\desktop\mysdi\mysdi\debug\mysdi.res
c:\users\lenovo\desktop\mysdi\mysdi\debug\mysdi.tlog\cl.command.1.tlog
c:\users\lenovo\desktop\mysdi\mysdi\debug\mysdi.tlog\cl.read.1.tlog
c:\users\lenovo\desktop\mysdi\mysdi\debug\mysdi.tlog\cl.write.1.tlog
c:\users\lenovo\desktop\mysdi\mysdi\debug\mysdi.tlog\link.command.1.tlog
c:\users\lenovo\desktop\mysdi\mysdi\debug\mysdi.tlog\link.read.1.tlog
c:\users\lenovo\desktop\mysdi\mysdi\debug\mysdi.tlog\link.write.1.tlog
c:\users\lenovo\desktop\mysdi\mysdi\debug\mysdi.tlog\rc.command.1.tlog
c:\users\lenovo\desktop\mysdi\mysdi\debug\mysdi.tlog\rc.read.1.tlog
c:\users\lenovo\desktop\mysdi\mysdi\debug\mysdi.tlog\rc.write.1.tlog
