生成启动时间为 2016/5/21 23:46:35。
     1>项目“C:\Users\lenovo\Desktop\地形可视化_李军\Frame.vcxproj”在节点 2 上(Build 个目标)。
     1>ClCompile:
         D:\应用程序\Visual Studio2013\VC\bin\CL.exe /c /ZI /nologo /W3 /WX- /Od /Oy- /D WIN32 /D _DEBUG /D _WINDOWS /D _VC80_UPGRADE=0x0600 /D _MBCS /D _AFXDLL /Gm /EHsc /RTC1 /MDd /GS /Gy- /fp:precise /Zc:wchar_t /Zc:forScope /Yc"stdafx.h" /Fp".\Debug\Frame.pch" /Fo".\Debug\\" /Fd".\Debug\vc120.pdb" /FR".\Debug\\" /Gd /TP /analyze- /errorReport:prompt StdAfx.cpp
         StdAfx.cpp
     1>d:\应用程序\visual studio2013\vc\atlmfc\include\afx.h(38): warning C4996: 'MBCS_Support_Deprecated_In_MFC': MBCS support in MFC is deprecated and may be removed in a future version of MFC.
                 d:\应用程序\visual studio2013\vc\atlmfc\include\afx.h(33) : 参见“MBCS_Support_Deprecated_In_MFC”的声明
         _WIN32_WINNT not defined. Defaulting to _WIN32_WINNT_MAXVER (see WinSDKVer.h)
         D:\应用程序\Visual Studio2013\VC\bin\CL.exe /c /ZI /nologo /W3 /WX- /Od /Oy- /D WIN32 /D _DEBUG /D _WINDOWS /D _VC80_UPGRADE=0x0600 /D _MBCS /D _AFXDLL /Gm /EHsc /RTC1 /MDd /GS /Gy- /fp:precise /Zc:wchar_t /Zc:forScope /Yu"stdafx.h" /Fp".\Debug\Frame.pch" /Fo".\Debug\\" /Fd".\Debug\vc120.pdb" /FR".\Debug\\" /Gd /TP /analyze- /errorReport:prompt Frame.cpp FrameDoc.cpp FrameView.cpp LineView.cpp MainFrm.cpp OpenGL3D.cpp
         OpenGL3D.cpp
     1>c:\users\lenovo\desktop\地形可视化_李军\opengl3d.cpp(121): warning C4244: “=”: 从“double”转换到“float”，可能丢失数据
     1>c:\users\lenovo\desktop\地形可视化_李军\opengl3d.cpp(165): warning C4996: 'fopen': This function or variable may be unsafe. Consider using fopen_s instead. To disable deprecation, use _CRT_SECURE_NO_WARNINGS. See online help for details.
                 d:\应用程序\visual studio2013\vc\include\stdio.h(211) : 参见“fopen”的声明
         MainFrm.cpp
         LineView.cpp
     1>c:\users\lenovo\desktop\地形可视化_李军\lineview.cpp(102): warning C4552: “!=”: 运算符不起任何作用；应输入带副作用的运算符
     1>c:\users\lenovo\desktop\地形可视化_李军\lineview.cpp(114): warning C4552: “!=”: 运算符不起任何作用；应输入带副作用的运算符
     1>c:\users\lenovo\desktop\地形可视化_李军\lineview.cpp(127): warning C4552: “!=”: 运算符不起任何作用；应输入带副作用的运算符
         FrameView.cpp
     1>c:\users\lenovo\desktop\地形可视化_李军\frameview.cpp(146): warning C4244: “初始化”: 从“float”转换到“int”，可能丢失数据
     1>c:\users\lenovo\desktop\地形可视化_李军\frameview.cpp(147): warning C4244: “初始化”: 从“float”转换到“int”，可能丢失数据
     1>c:\users\lenovo\desktop\地形可视化_李军\frameview.cpp(148): warning C4244: “初始化”: 从“float”转换到“int”，可能丢失数据
     1>c:\users\lenovo\desktop\地形可视化_李军\frameview.cpp(149): warning C4244: “初始化”: 从“float”转换到“int”，可能丢失数据
         FrameDoc.cpp
     1>c:\users\lenovo\desktop\地形可视化_李军\framedoc.cpp(8): fatal error C1083: 无法打开包括文件: “fstream.h”: No such file or directory
         Frame.cpp
     1>c:\users\lenovo\desktop\地形可视化_李军\frame.cpp(60): warning C4996: 'CWinApp::Enable3dControls': CWinApp::Enable3dControls is no longer needed. You should remove this call.
                 d:\应用程序\visual studio2013\vc\atlmfc\include\afxwin.h(5178) : 参见“CWinApp::Enable3dControls”的声明
         正在生成代码...
     1>已完成生成项目“C:\Users\lenovo\Desktop\地形可视化_李军\Frame.vcxproj”(Build 个目标)的操作 - 失败。

生成失败。

已用时间 00:00:07.32
