d:\编程\可视化\mfc-painter\painter\debug\painter.pch
d:\编程\可视化\mfc-painter\painter\debug\vc120.pdb
d:\编程\可视化\mfc-painter\painter\debug\vc120.idb
d:\编程\可视化\mfc-painter\painter\debug\stdafx.obj
d:\编程\可视化\mfc-painter\painter\debug\drawdata.obj
d:\编程\可视化\mfc-painter\painter\debug\mainfrm.obj
d:\编程\可视化\mfc-painter\painter\debug\painter.obj
d:\编程\可视化\mfc-painter\painter\debug\painterdoc.obj
d:\编程\可视化\mfc-painter\painter\debug\painterview.obj
d:\编程\可视化\mfc-painter\debug\painter.ilk
d:\编程\可视化\mfc-painter\debug\painter.exe
d:\编程\可视化\mfc-painter\debug\painter.pdb
d:\编程\可视化\mfc-painter\painter\debug\painter.res
d:\编程\可视化\mfc-painter\painter\debug\painter.tlog\cl.command.1.tlog
d:\编程\可视化\mfc-painter\painter\debug\painter.tlog\cl.read.1.tlog
d:\编程\可视化\mfc-painter\painter\debug\painter.tlog\cl.write.1.tlog
d:\编程\可视化\mfc-painter\painter\debug\painter.tlog\link.command.1.tlog
d:\编程\可视化\mfc-painter\painter\debug\painter.tlog\link.read.1.tlog
d:\编程\可视化\mfc-painter\painter\debug\painter.tlog\link.write.1.tlog
d:\编程\可视化\mfc-painter\painter\debug\painter.tlog\rc.command.1.tlog
d:\编程\可视化\mfc-painter\painter\debug\painter.tlog\rc.read.1.tlog
d:\编程\可视化\mfc-painter\painter\debug\painter.tlog\rc.write.1.tlog
