
7月 27, 2016 16:54:09.97 NEW SESSION
7月 27, 2016 16:54:09.97 [5288:11948:0727/165409:ERROR:checkin_request.cc(179)] Failed to get checkin response. Fetcher failed. Retrying.
7月 27, 2016 16:56:23.81 console.error: commonfix: 
7月 27, 2016 16:56:23.83   Message: ReferenceError: reason is not defined
7月 27, 2016 16:56:23.83   Stack:
7月 27, 2016 16:56:23.83     exports.onUnload@resource://gre/modules/commonjs/toolkit/loader.js -> resource://commonfix-at-mozillaonline-dot-com/commonfix/lib/main.js:316:1
7月 27, 2016 16:56:23.83 unload/<@resource://gre/modules/commonjs/toolkit/loader.js -> resource://gre/modules/commonjs/sdk/system/unload.js:58:7
7月 27, 2016 16:56:23.83 unload@resource://gre/modules/commonjs/toolkit/loader.js -> resource://gre/modules/commonjs/sdk/system/unload.js:56:3
7月 27, 2016 16:56:23.83 onunload@resource://gre/modules/commonjs/toolkit/loader.js -> resource://gre/modules/commonjs/sdk/system/unload.js:77:5
7月 27, 2016 16:56:23.83 Observer<.observe@resource://gre/modules/commonjs/toolkit/loader.js -> resource://gre/modules/commonjs/sdk/system/events.js:72:7
7月 27, 2016 16:56:23.83 unload@resource://gre/modules/commonjs/toolkit/loader.js:774:3
7月 27, 2016 16:56:23.83 shutdown@resource://gre/modules/addons/XPIProvider.jsm -> jar:file:///C:/Users/lenovo/AppData/Roaming/Mozilla/Firefox/Profiles/tkauor8z.default/extensions/commonfix@mozillaonline.com.xpi!/bootstrap.js:303:5
7月 27, 2016 16:56:23.83 XPI_callBootstrapMethod@resource://gre/modules/addons/XPIProvider.jsm:4204:9
7月 27, 2016 16:56:23.83 shutdownObserver@resource://gre/modules/addons/XPIProvider.jsm:2613:13
7月 27, 2016 16:56:23.83 
7月 27, 2016 16:58:17.00 console.error: commonfix: 
7月 27, 2016 16:58:17.00   Message: ReferenceError: reason is not defined
7月 27, 2016 16:58:17.00   Stack:
7月 27, 2016 16:58:17.00     exports.onUnload@resource://gre/modules/commonjs/toolkit/loader.js -> resource://commonfix-at-mozillaonline-dot-com/commonfix/lib/main.js:316:1
7月 27, 2016 16:58:17.00 unload/<@resource://gre/modules/commonjs/toolkit/loader.js -> resource://gre/modules/commonjs/sdk/system/unload.js:58:7
7月 27, 2016 16:58:17.00 unload@resource://gre/modules/commonjs/toolkit/loader.js -> resource://gre/modules/commonjs/sdk/system/unload.js:56:3
7月 27, 2016 16:58:17.00 onunload@resource://gre/modules/commonjs/toolkit/loader.js -> resource://gre/modules/commonjs/sdk/system/unload.js:77:5
7月 27, 2016 16:58:17.00 Observer<.observe@resource://gre/modules/commonjs/toolkit/loader.js -> resource://gre/modules/commonjs/sdk/system/events.js:72:7
7月 27, 2016 16:58:17.00 unload@resource://gre/modules/commonjs/toolkit/loader.js:774:3
7月 27, 2016 16:58:17.00 shutdown@resource://gre/modules/addons/XPIProvider.jsm -> jar:file:///C:/Users/lenovo/AppData/Roaming/Mozilla/Firefox/Profiles/tkauor8z.default/extensions/commonfix@mozillaonline.com.xpi!/bootstrap.js:303:5
7月 27, 2016 16:58:17.01 XPI_callBootstrapMethod@resource://gre/modules/addons/XPIProvider.jsm:4204:9
7月 27, 2016 16:58:17.01 shutdownObserver@resource://gre/modules/addons/XPIProvider.jsm:2613:13
7月 27, 2016 16:58:17.01 
7月 27, 2016 17:07:03.23 hashcompleter: cancelling request to https://safebrowsing.google.com/safebrowsing/gethash?client=navclient-auto-ffox&appver=43.0.2&pver=2.2
7月 27, 2016 17:07:03.23 hashcompleter: notifying failure
7月 27, 2016 17:08:36.49 console.error: commonfix: 
7月 27, 2016 17:08:36.49   Message: ReferenceError: reason is not defined
7月 27, 2016 17:08:36.49   Stack:
7月 27, 2016 17:08:36.49     exports.onUnload@resource://gre/modules/commonjs/toolkit/loader.js -> resource://commonfix-at-mozillaonline-dot-com/commonfix/lib/main.js:316:1
7月 27, 2016 17:08:36.49 unload/<@resource://gre/modules/commonjs/toolkit/loader.js -> resource://gre/modules/commonjs/sdk/system/unload.js:58:7
7月 27, 2016 17:08:36.50 unload@resource://gre/modules/commonjs/toolkit/loader.js -> resource://gre/modules/commonjs/sdk/system/unload.js:56:3
7月 27, 2016 17:08:36.50 onunload@resource://gre/modules/commonjs/toolkit/loader.js -> resource://gre/modules/commonjs/sdk/system/unload.js:77:5
7月 27, 2016 17:08:36.50 Observer<.observe@resource://gre/modules/commonjs/toolkit/loader.js -> resource://gre/modules/commonjs/sdk/system/events.js:72:7
7月 27, 2016 17:08:36.50 unload@resource://gre/modules/commonjs/toolkit/loader.js:774:3
7月 27, 2016 17:08:36.50 shutdown@resource://gre/modules/addons/XPIProvider.jsm -> jar:file:///C:/Users/lenovo/AppData/Roaming/Mozilla/Firefox/Profiles/tkauor8z.default/extensions/commonfix@mozillaonline.com.xpi!/bootstrap.js:303:5
7月 27, 2016 17:08:36.50 XPI_callBootstrapMethod@resource://gre/modules/addons/XPIProvider.jsm:4204:9
7月 27, 2016 17:08:36.50 shutdownObserver@resource://gre/modules/addons/XPIProvider.jsm:2613:13
7月 27, 2016 17:08:36.50 
7月 27, 2016 17:10:56.68 console.error: commonfix: 
7月 27, 2016 17:10:56.68   Message: ReferenceError: reason is not defined
7月 27, 2016 17:10:56.68   Stack:
7月 27, 2016 17:10:56.68     exports.onUnload@resource://gre/modules/commonjs/toolkit/loader.js -> resource://commonfix-at-mozillaonline-dot-com/commonfix/lib/main.js:316:1
7月 27, 2016 17:10:56.68 unload/<@resource://gre/modules/commonjs/toolkit/loader.js -> resource://gre/modules/commonjs/sdk/system/unload.js:58:7
7月 27, 2016 17:10:56.68 unload@resource://gre/modules/commonjs/toolkit/loader.js -> resource://gre/modules/commonjs/sdk/system/unload.js:56:3
7月 27, 2016 17:10:56.68 onunload@resource://gre/modules/commonjs/toolkit/loader.js -> resource://gre/modules/commonjs/sdk/system/unload.js:77:5
7月 27, 2016 17:10:56.68 Observer<.observe@resource://gre/modules/commonjs/toolkit/loader.js -> resource://gre/modules/commonjs/sdk/system/events.js:72:7
7月 27, 2016 17:10:56.68 unload@resource://gre/modules/commonjs/toolkit/loader.js:774:3
7月 27, 2016 17:10:56.68 shutdown@resource://gre/modules/addons/XPIProvider.jsm -> jar:file:///C:/Users/lenovo/AppData/Roaming/Mozilla/Firefox/Profiles/tkauor8z.default/extensions/commonfix@mozillaonline.com.xpi!/bootstrap.js:303:5
7月 27, 2016 17:10:56.68 XPI_callBootstrapMethod@resource://gre/modules/addons/XPIProvider.jsm:4204:9
7月 27, 2016 17:10:56.68 shutdownObserver@resource://gre/modules/addons/XPIProvider.jsm:2613:13
7月 27, 2016 17:10:56.68 

7月 27, 2016 18:23:42.75 NEW SESSION
7月 27, 2016 18:23:42.75 console.error: commonfix: 
7月 27, 2016 18:23:42.78   Message: ReferenceError: reason is not defined
7月 27, 2016 18:23:42.78   Stack:
7月 27, 2016 18:23:42.78     exports.onUnload@resource://gre/modules/commonjs/toolkit/loader.js -> resource://commonfix-at-mozillaonline-dot-com/commonfix/lib/main.js:316:1
7月 27, 2016 18:23:42.78 unload/<@resource://gre/modules/commonjs/toolkit/loader.js -> resource://gre/modules/commonjs/sdk/system/unload.js:58:7
7月 27, 2016 18:23:42.79 unload@resource://gre/modules/commonjs/toolkit/loader.js -> resource://gre/modules/commonjs/sdk/system/unload.js:56:3
7月 27, 2016 18:23:42.79 onunload@resource://gre/modules/commonjs/toolkit/loader.js -> resource://gre/modules/commonjs/sdk/system/unload.js:77:5
7月 27, 2016 18:23:42.79 Observer<.observe@resource://gre/modules/commonjs/toolkit/loader.js -> resource://gre/modules/commonjs/sdk/system/events.js:72:7
7月 27, 2016 18:23:42.79 unload@resource://gre/modules/commonjs/toolkit/loader.js:774:3
7月 27, 2016 18:23:42.79 shutdown@resource://gre/modules/addons/XPIProvider.jsm -> jar:file:///C:/Users/lenovo/AppData/Roaming/Mozilla/Firefox/Profiles/tkauor8z.default/extensions/commonfix@mozillaonline.com.xpi!/bootstrap.js:303:5
7月 27, 2016 18:23:42.79 XPI_callBootstrapMethod@resource://gre/modules/addons/XPIProvider.jsm:4204:9
7月 27, 2016 18:23:42.79 shutdownObserver@resource://gre/modules/addons/XPIProvider.jsm:2613:13
7月 27, 2016 18:23:42.79 
7月 27, 2016 18:24:11.39 [8924:5132:0727/182411:ERROR:connection_factory_impl.cc(369)] Failed to connect to MCS endpoint with error -118
7月 27, 2016 18:24:54.14 [8924:5132:0727/182454:ERROR:checkin_request.cc(179)] Failed to get checkin response. Fetcher failed. Retrying.
7月 27, 2016 18:24:56.09 [8924:5132:0727/182456:ERROR:connection_factory_impl.cc(369)] Failed to connect to MCS endpoint with error -118
7月 27, 2016 18:26:06.71 [8924:10832:0727/182606:ERROR:account_tracker.cc(357)] OnGetTokenFailure: Connection failed (-118).
7月 27, 2016 18:26:06.72 [8924:10832:0727/182606:ERROR:account_tracker.cc(357)] OnGetTokenFailure: Connection failed (-118).
7月 27, 2016 18:26:13.69 [8924:5132:0727/182613:ERROR:connection_factory_impl.cc(369)] Failed to connect to MCS endpoint with error -118
7月 27, 2016 18:26:20.07 [8924:5132:0727/182620:ERROR:checkin_request.cc(179)] Failed to get checkin response. Fetcher failed. Retrying.
7月 27, 2016 18:28:17.80 [8924:5132:0727/182817:ERROR:checkin_request.cc(179)] Failed to get checkin response. Fetcher failed. Retrying.
7月 27, 2016 18:28:26.97 [8924:5132:0727/182826:ERROR:connection_factory_impl.cc(369)] Failed to connect to MCS endpoint with error -118
7月 27, 2016 18:31:04.81 [8924:5132:0727/183104:ERROR:checkin_request.cc(179)] Failed to get checkin response. Fetcher failed. Retrying.
7月 27, 2016 18:34:58.54 [8924:5132:0727/183458:ERROR:checkin_request.cc(179)] Failed to get checkin response. Fetcher failed. Retrying.
7月 27, 2016 18:38:01.21 [8924:10832:0727/183801:ERROR:gcm_channel_status_request.cc(89)] GCM channel request failed.
7月 27, 2016 18:39:24.92 [8924:10832:0727/183924:ERROR:gcm_channel_status_request.cc(89)] GCM channel request failed.
7月 27, 2016 18:51:04.83 [5512:4696:0727/185104:ERROR:checkin_request.cc(179)] Failed to get checkin response. Fetcher failed. Retrying.
7月 27, 2016 18:54:10.79 [6088:3716:0727/185410:ERROR:connection_factory_impl.cc(369)] Failed to connect to MCS endpoint with error -118
7月 27, 2016 18:54:52.79 [6088:3716:0727/185452:ERROR:checkin_request.cc(179)] Failed to get checkin response. Fetcher failed. Retrying.
7月 27, 2016 18:58:10.92 [9912:10028:0727/185810:ERROR:connection_factory_impl.cc(369)] Failed to connect to MCS endpoint with error -118
7月 27, 2016 18:58:52.92 [9912:10028:0727/185852:ERROR:checkin_request.cc(179)] Failed to get checkin response. Fetcher failed. Retrying.
7月 27, 2016 18:58:57.38 [9912:10028:0727/185857:ERROR:connection_factory_impl.cc(369)] Failed to connect to MCS endpoint with error -118
7月 27, 2016 19:03:43.51 [4008:5772:0727/190343:ERROR:checkin_request.cc(179)] Failed to get checkin response. Fetcher failed. Retrying.
7月 27, 2016 19:04:43.85 [4008:9212:0727/190443:ERROR:account_tracker.cc(357)] OnGetTokenFailure: Connection failed (-118).
7月 27, 2016 19:04:43.85 [4008:9212:0727/190443:ERROR:account_tracker.cc(357)] OnGetTokenFailure: Connection failed (-118).
7月 27, 2016 19:05:10.93 [4008:5772:0727/190510:ERROR:checkin_request.cc(179)] Failed to get checkin response. Fetcher failed. Retrying.
7月 27, 2016 19:07:08.23 [4008:5772:0727/190708:ERROR:checkin_request.cc(179)] Failed to get checkin response. Fetcher failed. Retrying.
7月 27, 2016 19:10:02.79 [4008:5772:0727/191002:ERROR:checkin_request.cc(179)] Failed to get checkin response. Fetcher failed. Retrying.
7月 27, 2016 19:10:07.59 [4008:9212:0727/191007:ERROR:gcm_channel_status_request.cc(89)] GCM channel request failed.
7月 27, 2016 19:12:44.61 [0727/191244:ERROR:process_info.cc(608)] range at 0x8062d6600000000, size 0x208 fully unreadable
7月 27, 2016 19:12:44.61 [0727/191244:ERROR:process_info.cc(608)] range at 0x8062dc800000000, size 0x208 fully unreadable
7月 27, 2016 19:12:44.61 [0727/191244:ERROR:process_info.cc(608)] range at 0x0, size 0x208 fully unreadable
7月 27, 2016 19:13:46.72 [2568:8448:0727/191346:ERROR:checkin_request.cc(179)] Failed to get checkin response. Fetcher failed. Retrying.
7月 27, 2016 19:14:46.27 [2568:8100:0727/191446:ERROR:account_tracker.cc(357)] OnGetTokenFailure: Connection failed (-118).
7月 27, 2016 19:14:46.27 [2568:8100:0727/191446:ERROR:account_tracker.cc(357)] OnGetTokenFailure: Connection failed (-118).
7月 27, 2016 19:15:14.80 [2568:8448:0727/191514:ERROR:checkin_request.cc(179)] Failed to get checkin response. Fetcher failed. Retrying.
7月 27, 2016 19:18:28.87 [0727/191828:ERROR:process_info.cc(608)] range at 0xcf0f2d6800000000, size 0x26b fully unreadable
7月 27, 2016 19:18:28.87 [0727/191828:ERROR:process_info.cc(608)] range at 0xcf0f2dcc00000000, size 0x26b fully unreadable
7月 27, 2016 19:18:28.87 [0727/191828:ERROR:process_info.cc(608)] range at 0x0, size 0x26b fully unreadable
7月 27, 2016 19:19:30.81 [6620:7212:0727/191930:ERROR:checkin_request.cc(179)] Failed to get checkin response. Fetcher failed. Retrying.
7月 27, 2016 19:20:45.87 [6620:9876:0727/192045:ERROR:account_tracker.cc(357)] OnGetTokenFailure: Connection failed (-118).
7月 27, 2016 19:20:45.87 [6620:9876:0727/192045:ERROR:account_tracker.cc(357)] OnGetTokenFailure: Connection failed (-118).
7月 27, 2016 19:20:56.00 [6620:7212:0727/192056:ERROR:checkin_request.cc(179)] Failed to get checkin response. Fetcher failed. Retrying.
7月 27, 2016 19:22:58.92 [6620:7212:0727/192258:ERROR:checkin_request.cc(179)] Failed to get checkin response. Fetcher failed. Retrying.
7月 27, 2016 19:31:04.08 [10556:8004:0727/193104:ERROR:connection_factory_impl.cc(369)] Failed to connect to MCS endpoint with error -118
7月 27, 2016 19:31:46.08 [10556:8004:0727/193146:ERROR:checkin_request.cc(179)] Failed to get checkin response. Fetcher failed. Retrying.
7月 27, 2016 19:31:53.68 [10556:8004:0727/193153:ERROR:connection_factory_impl.cc(369)] Failed to connect to MCS endpoint with error -118
7月 27, 2016 19:32:44.68 [10556:5896:0727/193244:ERROR:account_tracker.cc(357)] OnGetTokenFailure: Connection failed (-118).
7月 27, 2016 19:32:44.69 [10556:5896:0727/193244:ERROR:account_tracker.cc(357)] OnGetTokenFailure: Connection failed (-118).
7月 27, 2016 19:33:04.79 [10556:8004:0727/193304:ERROR:connection_factory_impl.cc(369)] Failed to connect to MCS endpoint with error -118
7月 27, 2016 19:33:11.39 [10556:8004:0727/193311:ERROR:checkin_request.cc(179)] Failed to get checkin response. Fetcher failed. Retrying.

7月 27, 2016 19:41:20.98 NEW SESSION
7月 27, 2016 19:41:20.98 [840:7552:0727/194120:ERROR:checkin_request.cc(179)] Failed to get checkin response. Fetcher failed. Retrying.

7月 28, 2016 08:48:54.36 NEW SESSION
7月 28, 2016 08:48:54.36 [11148:10232:0728/084854:ERROR:checkin_request.cc(179)] Failed to get checkin response. Fetcher failed. Retrying.
7月 28, 2016 08:50:18.90 [11148:5080:0728/085018:ERROR:account_tracker.cc(357)] OnGetTokenFailure: Connection failed (-118).
7月 28, 2016 08:50:18.92 [11148:5080:0728/085018:ERROR:account_tracker.cc(357)] OnGetTokenFailure: Connection failed (-118).
7月 28, 2016 08:50:21.89 [11148:10232:0728/085021:ERROR:checkin_request.cc(179)] Failed to get checkin response. Fetcher failed. Retrying.
7月 28, 2016 08:52:17.29 [11148:10232:0728/085217:ERROR:checkin_request.cc(179)] Failed to get checkin response. Fetcher failed. Retrying.
7月 28, 2016 08:54:50.94 [11148:10232:0728/085450:ERROR:checkin_request.cc(179)] Failed to get checkin response. Fetcher failed. Retrying.
7月 28, 2016 08:58:39.90 [11148:10232:0728/085839:ERROR:checkin_request.cc(179)] Failed to get checkin response. Fetcher failed. Retrying.
7月 28, 2016 09:00:14.39 [11148:5080:0728/090014:ERROR:gcm_channel_status_request.cc(89)] GCM channel request failed.
7月 28, 2016 09:01:38.87 [11148:5080:0728/090138:ERROR:gcm_channel_status_request.cc(89)] GCM channel request failed.
7月 28, 2016 09:03:23.73 [11148:5080:0728/090323:ERROR:gcm_channel_status_request.cc(89)] GCM channel request failed.
7月 28, 2016 09:06:05.13 [11148:5080:0728/090605:ERROR:gcm_channel_status_request.cc(89)] GCM channel request failed.
7月 28, 2016 09:06:30.55 [11148:10232:0728/090630:ERROR:checkin_request.cc(179)] Failed to get checkin response. Fetcher failed. Retrying.
7月 28, 2016 09:10:33.24 [11148:5080:0728/091033:ERROR:gcm_channel_status_request.cc(89)] GCM channel request failed.
7月 28, 2016 09:17:33.63 [11148:10232:0728/091733:ERROR:checkin_request.cc(179)] Failed to get checkin response. Fetcher failed. Retrying.
7月 28, 2016 09:19:19.97 [11148:5080:0728/091919:ERROR:gcm_channel_status_request.cc(89)] GCM channel request failed.
7月 28, 2016 09:28:36.64 [11148:10232:0728/092836:ERROR:checkin_request.cc(179)] Failed to get checkin response. Fetcher failed. Retrying.
7月 28, 2016 09:30:23.07 [11148:5080:0728/093023:ERROR:gcm_channel_status_request.cc(89)] GCM channel request failed.
7月 28, 2016 09:39:39.65 [11148:10232:0728/093939:ERROR:checkin_request.cc(179)] Failed to get checkin response. Fetcher failed. Retrying.
7月 28, 2016 09:41:26.17 [11148:5080:0728/094126:ERROR:gcm_channel_status_request.cc(89)] GCM channel request failed.
7月 28, 2016 09:50:42.67 [11148:10232:0728/095042:ERROR:checkin_request.cc(179)] Failed to get checkin response. Fetcher failed. Retrying.
7月 28, 2016 09:52:29.27 [11148:5080:0728/095229:ERROR:gcm_channel_status_request.cc(89)] GCM channel request failed.
7月 28, 2016 10:01:45.68 [11148:10232:0728/100145:ERROR:checkin_request.cc(179)] Failed to get checkin response. Fetcher failed. Retrying.
7月 28, 2016 10:03:32.37 [11148:5080:0728/100332:ERROR:gcm_channel_status_request.cc(89)] GCM channel request failed.
7月 28, 2016 10:12:48.70 [11148:10232:0728/101248:ERROR:checkin_request.cc(179)] Failed to get checkin response. Fetcher failed. Retrying.
7月 28, 2016 10:30:02.11 [7276:8816:0728/103002:ERROR:checkin_request.cc(179)] Failed to get checkin response. Fetcher failed. Retrying.
7月 28, 2016 10:34:41.63 [8380:8568:0728/103441:ERROR:checkin_request.cc(179)] Failed to get checkin response. Fetcher failed. Retrying.
7月 28, 2016 10:54:05.77 [8176:10540:0728/105405:ERROR:connection_factory_impl.cc(369)] Failed to connect to MCS endpoint with error -118
7月 28, 2016 10:54:47.75 [8176:10540:0728/105447:ERROR:checkin_request.cc(179)] Failed to get checkin response. Fetcher failed. Retrying.
7月 28, 2016 10:54:56.11 [8176:10540:0728/105456:ERROR:connection_factory_impl.cc(369)] Failed to connect to MCS endpoint with error -118
7月 28, 2016 10:55:54.78 [8176:7328:0728/105554:ERROR:account_tracker.cc(357)] OnGetTokenFailure: Connection failed (-118).
7月 28, 2016 10:55:54.85 [8176:7328:0728/105554:ERROR:account_tracker.cc(357)] OnGetTokenFailure: Connection failed (-118).
7月 28, 2016 10:56:04.51 [8176:10540:0728/105604:ERROR:connection_factory_impl.cc(369)] Failed to connect to MCS endpoint with error -118
7月 28, 2016 10:56:11.72 [8176:10540:0728/105611:ERROR:checkin_request.cc(179)] Failed to get checkin response. Fetcher failed. Retrying.
7月 28, 2016 10:58:01.75 [8176:10540:0728/105801:ERROR:checkin_request.cc(179)] Failed to get checkin response. Fetcher failed. Retrying.
7月 28, 2016 10:58:15.83 [8176:10540:0728/105815:ERROR:connection_factory_impl.cc(369)] Failed to connect to MCS endpoint with error -118
7月 28, 2016 11:00:29.65 [8176:10540:0728/110029:ERROR:checkin_request.cc(179)] Failed to get checkin response. Fetcher failed. Retrying.
7月 28, 2016 11:01:24.99 [8176:10540:0728/110124:ERROR:connection_factory_impl.cc(369)] Failed to connect to MCS endpoint with error -118
7月 28, 2016 11:02:57.47 [3536:10672:0728/110257:ERROR:connection_factory_impl.cc(369)] Failed to connect to MCS endpoint with error -118
7月 28, 2016 11:03:36.93 [9508:10040:0728/110336:ERROR:connection_factory_impl.cc(369)] Failed to connect to MCS endpoint with error -118
7月 28, 2016 11:07:34.91 [9284:1672:0728/110734:ERROR:checkin_request.cc(179)] Failed to get checkin response. Fetcher failed. Retrying.
7月 28, 2016 11:08:33.50 [9284:8520:0728/110833:ERROR:account_tracker.cc(357)] OnGetTokenFailure: Connection failed (-118).
7月 28, 2016 11:08:33.50 [9284:8520:0728/110833:ERROR:account_tracker.cc(357)] OnGetTokenFailure: Connection failed (-118).
7月 28, 2016 11:23:35.00 [8428:7852:0728/112335:ERROR:checkin_request.cc(179)] Failed to get checkin response. Fetcher failed. Retrying.
7月 28, 2016 11:25:01.67 [8428:9572:0728/112501:ERROR:account_tracker.cc(357)] OnGetTokenFailure: Connection failed (-118).
7月 28, 2016 11:25:01.67 [8428:9572:0728/112501:ERROR:account_tracker.cc(357)] OnGetTokenFailure: Connection failed (-118).
7月 28, 2016 11:25:02.33 [8428:7852:0728/112502:ERROR:checkin_request.cc(179)] Failed to get checkin response. Fetcher failed. Retrying.
7月 28, 2016 11:26:54.38 [8428:7852:0728/112654:ERROR:checkin_request.cc(179)] Failed to get checkin response. Fetcher failed. Retrying.
7月 28, 2016 11:31:01.58 [8376:5660:0728/113101:ERROR:checkin_request.cc(179)] Failed to get checkin response. Fetcher failed. Retrying.
7月 28, 2016 11:32:17.01 [8376:4988:0728/113217:ERROR:account_tracker.cc(357)] OnGetTokenFailure: Connection failed (-118).
7月 28, 2016 11:32:17.01 [8376:4988:0728/113217:ERROR:account_tracker.cc(357)] OnGetTokenFailure: Connection failed (-118).
7月 28, 2016 11:32:26.14 [8376:5660:0728/113226:ERROR:checkin_request.cc(179)] Failed to get checkin response. Fetcher failed. Retrying.
7月 28, 2016 11:33:29.66 [8376:4988:0728/113329:ERROR:gcm_channel_status_request.cc(89)] GCM channel request failed.
7月 28, 2016 11:34:28.57 [8376:5660:0728/113428:ERROR:checkin_request.cc(179)] Failed to get checkin response. Fetcher failed. Retrying.
7月 28, 2016 11:35:00.60 [8376:4988:0728/113500:ERROR:gcm_channel_status_request.cc(89)] GCM channel request failed.
7月 28, 2016 11:36:57.78 [8376:4988:0728/113657:ERROR:gcm_channel_status_request.cc(89)] GCM channel request failed.
7月 28, 2016 11:37:13.39 [8376:5660:0728/113713:ERROR:checkin_request.cc(179)] Failed to get checkin response. Fetcher failed. Retrying.
7月 28, 2016 11:38:13.94 [8376:5660:0728/113813:ERROR:socket_stream.cc(210)] Closing stream with result -101
7月 28, 2016 11:39:44.36 [8376:4988:0728/113944:ERROR:gcm_channel_status_request.cc(89)] GCM channel request failed.
7月 28, 2016 11:41:05.31 [8376:5660:0728/114105:ERROR:checkin_request.cc(179)] Failed to get checkin response. Fetcher failed. Retrying.
7月 28, 2016 11:44:14.44 [8376:4988:0728/114414:ERROR:gcm_channel_status_request.cc(89)] GCM channel request failed.
7月 28, 2016 11:48:07.40 [8376:5660:0728/114807:ERROR:checkin_request.cc(179)] Failed to get checkin response. Fetcher failed. Retrying.
7月 28, 2016 11:53:04.88 [8376:4988:0728/115304:ERROR:gcm_channel_status_request.cc(89)] GCM channel request failed.
7月 28, 2016 11:59:10.42 [8376:5660:0728/115910:ERROR:checkin_request.cc(179)] Failed to get checkin response. Fetcher failed. Retrying.
7月 28, 2016 12:04:07.98 [8376:4988:0728/120407:ERROR:gcm_channel_status_request.cc(89)] GCM channel request failed.
7月 28, 2016 12:10:13.43 [8376:5660:0728/121013:ERROR:checkin_request.cc(179)] Failed to get checkin response. Fetcher failed. Retrying.
7月 28, 2016 12:15:11.08 [8376:4988:0728/121511:ERROR:gcm_channel_status_request.cc(89)] GCM channel request failed.
7月 28, 2016 12:21:16.45 [8376:5660:0728/122116:ERROR:checkin_request.cc(179)] Failed to get checkin response. Fetcher failed. Retrying.
7月 28, 2016 12:26:14.19 [8376:4988:0728/122614:ERROR:gcm_channel_status_request.cc(89)] GCM channel request failed.
7月 28, 2016 14:17:01.52 [4328:408:0728/141701:ERROR:connection_factory_impl.cc(369)] Failed to connect to MCS endpoint with error -105
7月 28, 2016 14:17:49.52 [4328:408:0728/141749:ERROR:connection_factory_impl.cc(369)] Failed to connect to MCS endpoint with error -118
7月 28, 2016 14:17:53.52 [4328:408:0728/141753:ERROR:checkin_request.cc(179)] Failed to get checkin response. Fetcher failed. Retrying.
7月 28, 2016 14:19:20.76 [3144:188:0728/141920:ERROR:connection_factory_impl.cc(369)] Failed to connect to MCS endpoint with error -118
7月 28, 2016 14:20:02.75 [3144:188:0728/142002:ERROR:checkin_request.cc(179)] Failed to get checkin response. Fetcher failed. Retrying.
7月 28, 2016 14:20:03.58 [3144:188:0728/142003:ERROR:connection_factory_impl.cc(369)] Failed to connect to MCS endpoint with error -118
7月 28, 2016 14:35:49.57 [4012:9572:0728/143549:ERROR:connection_factory_impl.cc(369)] Failed to connect to MCS endpoint with error -118
7月 28, 2016 14:36:30.95 [4012:9572:0728/143630:ERROR:connection_factory_impl.cc(369)] Failed to connect to MCS endpoint with error -118
7月 28, 2016 14:36:31.57 [4012:9572:0728/143631:ERROR:checkin_request.cc(179)] Failed to get checkin response. Fetcher failed. Retrying.
7月 28, 2016 15:28:15.70 [2776:3132:0728/152815:ERROR:checkin_request.cc(179)] Failed to get checkin response. Fetcher failed. Retrying.
7月 28, 2016 15:34:37.94 [8552:10000:0728/153437:ERROR:checkin_request.cc(179)] Failed to get checkin response. Fetcher failed. Retrying.
7月 28, 2016 15:36:53.14 [10992:6252:0728/153653:ERROR:connection_factory_impl.cc(369)] Failed to connect to MCS endpoint with error -118
7月 28, 2016 15:48:07.14 [6308:10540:0728/154807:ERROR:connection_factory_impl.cc(369)] Failed to connect to MCS endpoint with error -118
7月 28, 2016 15:48:49.14 [6308:10540:0728/154849:ERROR:checkin_request.cc(179)] Failed to get checkin response. Fetcher failed. Retrying.
7月 28, 2016 15:48:50.19 [6308:10540:0728/154850:ERROR:connection_factory_impl.cc(369)] Failed to connect to MCS endpoint with error -118
7月 28, 2016 15:49:49.36 [6308:4648:0728/154949:ERROR:account_tracker.cc(357)] OnGetTokenFailure: Connection failed (-118).
7月 28, 2016 15:49:49.42 [6308:4648:0728/154949:ERROR:account_tracker.cc(357)] OnGetTokenFailure: Connection failed (-118).
7月 28, 2016 15:49:52.61 [6308:10540:0728/154952:ERROR:connection_factory_impl.cc(369)] Failed to connect to MCS endpoint with error -118
7月 28, 2016 15:50:21.04 [6308:10540:0728/155021:ERROR:checkin_request.cc(179)] Failed to get checkin response. Fetcher failed. Retrying.
7月 28, 2016 15:52:06.12 [6308:10540:0728/155206:ERROR:checkin_request.cc(179)] Failed to get checkin response. Fetcher failed. Retrying.
7月 28, 2016 15:53:25.30 [6308:4648:0728/155325:ERROR:gcm_channel_status_request.cc(89)] GCM channel request failed.
7月 28, 2016 16:16:19.56 [4464:10128:0728/161619:ERROR:account_info_fetcher.cc(58)] OnGetTokenFailure: Request canceled.
7月 28, 2016 16:20:15.47 [7320:2184:0728/162015:ERROR:checkin_request.cc(179)] Failed to get checkin response. Fetcher failed. Retrying.
7月 28, 2016 16:23:29.62 [10928:10652:0728/162329:ERROR:checkin_request.cc(179)] Failed to get checkin response. Fetcher failed. Retrying.
7月 28, 2016 16:24:45.47 [10928:2432:0728/162445:ERROR:account_tracker.cc(357)] OnGetTokenFailure: Connection failed (-118).
7月 28, 2016 16:24:45.47 [10928:2432:0728/162445:ERROR:account_tracker.cc(357)] OnGetTokenFailure: Connection failed (-118).
7月 28, 2016 16:25:02.60 [10928:10652:0728/162502:ERROR:checkin_request.cc(179)] Failed to get checkin response. Fetcher failed. Retrying.
7月 28, 2016 16:31:31.97 [10128:9932:0728/163131:ERROR:checkin_request.cc(179)] Failed to get checkin response. Fetcher failed. Retrying.
7月 28, 2016 16:34:18.15 [6852:11188:0728/163418:ERROR:checkin_request.cc(179)] Failed to get checkin response. Fetcher failed. Retrying.
7月 28, 2016 16:35:17.27 [6852:2944:0728/163517:ERROR:account_tracker.cc(357)] OnGetTokenFailure: Connection failed (-118).
7月 28, 2016 16:35:17.27 [6852:2944:0728/163517:ERROR:account_tracker.cc(357)] OnGetTokenFailure: Connection failed (-118).
7月 28, 2016 16:35:48.76 [6852:11188:0728/163548:ERROR:checkin_request.cc(179)] Failed to get checkin response. Fetcher failed. Retrying.
7月 28, 2016 16:37:43.76 [6852:11188:0728/163743:ERROR:checkin_request.cc(179)] Failed to get checkin response. Fetcher failed. Retrying.
7月 28, 2016 16:40:32.87 [6852:11188:0728/164032:ERROR:checkin_request.cc(179)] Failed to get checkin response. Fetcher failed. Retrying.
7月 28, 2016 16:41:13.08 [9068:8696:0728/164113:ERROR:connection_factory_impl.cc(369)] Failed to connect to MCS endpoint with error -118
7月 28, 2016 16:56:25.71 [4528:7656:0728/165625:ERROR:connection_factory_impl.cc(369)] Failed to connect to MCS endpoint with error -118
7月 28, 2016 16:57:07.71 [4528:7656:0728/165707:ERROR:checkin_request.cc(179)] Failed to get checkin response. Fetcher failed. Retrying.
7月 28, 2016 16:57:13.93 [4528:7656:0728/165713:ERROR:connection_factory_impl.cc(369)] Failed to connect to MCS endpoint with error -118
7月 28, 2016 16:57:45.79 [4528:288:0728/165745:ERROR:gcm_channel_status_request.cc(89)] GCM channel request failed.
7月 28, 2016 16:58:20.06 [4528:7656:0728/165820:ERROR:connection_factory_impl.cc(369)] Failed to connect to MCS endpoint with error -118
7月 28, 2016 16:58:20.23 [4528:288:0728/165820:ERROR:account_tracker.cc(357)] OnGetTokenFailure: Connection failed (-118).
7月 28, 2016 16:58:20.23 [4528:288:0728/165820:ERROR:account_tracker.cc(357)] OnGetTokenFailure: Connection failed (-118).
7月 28, 2016 16:58:36.50 [4528:7656:0728/165836:ERROR:checkin_request.cc(179)] Failed to get checkin response. Fetcher failed. Retrying.
7月 28, 2016 16:59:11.68 [4528:288:0728/165911:ERROR:gcm_channel_status_request.cc(89)] GCM channel request failed.
7月 28, 2016 17:00:33.20 [776:3340:0728/170033:ERROR:connection_factory_impl.cc(369)] Failed to connect to MCS endpoint with error -118
7月 28, 2016 17:01:15.22 [776:3340:0728/170115:ERROR:checkin_request.cc(179)] Failed to get checkin response. Fetcher failed. Retrying.
7月 28, 2016 17:01:15.37 [776:3340:0728/170115:ERROR:connection_factory_impl.cc(369)] Failed to connect to MCS endpoint with error -118
7月 28, 2016 17:02:48.94 [9848:8768:0728/170248:ERROR:checkin_request.cc(179)] Failed to get checkin response. Fetcher failed. Retrying.
7月 28, 2016 17:03:49.03 [9848:1180:0728/170349:ERROR:account_tracker.cc(357)] OnGetTokenFailure: Connection failed (-118).
7月 28, 2016 17:03:49.03 [9848:1180:0728/170349:ERROR:account_tracker.cc(357)] OnGetTokenFailure: Connection failed (-118).
7月 28, 2016 17:05:56.75 [7800:4444:0728/170556:ERROR:connection_factory_impl.cc(369)] Failed to connect to MCS endpoint with error -118
7月 28, 2016 17:06:38.76 [7800:4444:0728/170638:ERROR:checkin_request.cc(179)] Failed to get checkin response. Fetcher failed. Retrying.
7月 28, 2016 17:06:47.65 [7800:4444:0728/170647:ERROR:connection_factory_impl.cc(369)] Failed to connect to MCS endpoint with error -118
7月 28, 2016 17:07:51.37 [7800:9616:0728/170751:ERROR:account_tracker.cc(357)] OnGetTokenFailure: Connection failed (-118).
7月 28, 2016 17:07:51.37 [7800:9616:0728/170751:ERROR:account_tracker.cc(357)] OnGetTokenFailure: Connection failed (-118).
7月 28, 2016 17:08:03.54 [7800:4444:0728/170803:ERROR:checkin_request.cc(179)] Failed to get checkin response. Fetcher failed. Retrying.
7月 28, 2016 17:08:05.30 [7800:4444:0728/170805:ERROR:connection_factory_impl.cc(369)] Failed to connect to MCS endpoint with error -118
7月 28, 2016 17:09:57.09 [5984:9444:0728/170957:ERROR:connection_factory_impl.cc(369)] Failed to connect to MCS endpoint with error -118
7月 28, 2016 17:12:03.19 [5156:3616:0728/171203:ERROR:checkin_request.cc(179)] Failed to get checkin response. Fetcher failed. Retrying.
7月 28, 2016 17:13:10.68 [5156:284:0728/171310:ERROR:account_tracker.cc(357)] OnGetTokenFailure: Connection failed (-118).
7月 28, 2016 17:13:10.68 [5156:284:0728/171310:ERROR:account_tracker.cc(357)] OnGetTokenFailure: Connection failed (-118).
7月 28, 2016 17:13:34.39 [5156:3616:0728/171334:ERROR:checkin_request.cc(179)] Failed to get checkin response. Fetcher failed. Retrying.
7月 28, 2016 17:15:31.45 [5156:3616:0728/171531:ERROR:checkin_request.cc(179)] Failed to get checkin response. Fetcher failed. Retrying.

7月 28, 2016 17:19:29.92 NEW SESSION
7月 28, 2016 17:19:29.92 [3536:10688:0728/171929:ERROR:checkin_request.cc(179)] Failed to get checkin response. Fetcher failed. Retrying.
7月 28, 2016 17:20:43.22 [7052:3140:0728/172043:ERROR:checkin_request.cc(179)] Failed to get checkin response. Fetcher failed. Retrying.
7月 28, 2016 17:21:42.75 [7052:9772:0728/172142:ERROR:account_tracker.cc(357)] OnGetTokenFailure: Connection failed (-118).
7月 28, 2016 17:21:42.75 [7052:9772:0728/172142:ERROR:account_tracker.cc(357)] OnGetTokenFailure: Connection failed (-118).
7月 28, 2016 17:22:03.26 [7052:9772:0728/172203:ERROR:gcm_channel_status_request.cc(89)] GCM channel request failed.
7月 28, 2016 17:22:09.52 [7052:3140:0728/172209:ERROR:checkin_request.cc(179)] Failed to get checkin response. Fetcher failed. Retrying.
7月 28, 2016 17:23:31.48 [7052:9772:0728/172331:ERROR:gcm_channel_status_request.cc(89)] GCM channel request failed.
7月 28, 2016 17:24:10.42 [7052:3140:0728/172410:ERROR:checkin_request.cc(179)] Failed to get checkin response. Fetcher failed. Retrying.
7月 28, 2016 17:31:17.93 [6608:5832:0728/173117:ERROR:connection_factory_impl.cc(369)] Failed to connect to MCS endpoint with error -118
7月 28, 2016 17:34:40.11 [6444:9772:0728/173440:ERROR:connection_factory_impl.cc(369)] Failed to connect to MCS endpoint with error -118
7月 28, 2016 18:02:42.37 [384:8844:0728/180242:ERROR:connection_factory_impl.cc(369)] Failed to connect to MCS endpoint with error -118
7月 28, 2016 18:03:47.22 [11080:7992:0728/180347:ERROR:connection_factory_impl.cc(369)] Failed to connect to MCS endpoint with error -118
7月 28, 2016 18:08:00.57 [680:1200:0728/180800:ERROR:connection_factory_impl.cc(369)] Failed to connect to MCS endpoint with error -118
7月 28, 2016 18:08:42.57 [680:1200:0728/180842:ERROR:checkin_request.cc(179)] Failed to get checkin response. Fetcher failed. Retrying.
7月 28, 2016 18:08:47.91 [680:1200:0728/180847:ERROR:connection_factory_impl.cc(369)] Failed to connect to MCS endpoint with error -118
7月 28, 2016 18:10:03.70 [6696:3176:0728/181003:ERROR:connection_factory_impl.cc(369)] Failed to connect to MCS endpoint with error -118
7月 28, 2016 18:25:57.28 [10740:6608:0728/182557:ERROR:connection_factory_impl.cc(369)] Failed to connect to MCS endpoint with error -118
7月 28, 2016 18:26:39.29 [10740:6608:0728/182639:ERROR:checkin_request.cc(179)] Failed to get checkin response. Fetcher failed. Retrying.
7月 28, 2016 18:26:46.44 [10740:6608:0728/182646:ERROR:connection_factory_impl.cc(369)] Failed to connect to MCS endpoint with error -118
7月 28, 2016 18:28:03.73 [1452:9084:0728/182803:ERROR:connection_factory_impl.cc(369)] Failed to connect to MCS endpoint with error -118
7月 28, 2016 18:33:14.10 [0728/183314:ERROR:process_info.cc(608)] range at 0x6c252d7600000000, size 0x25b fully unreadable
7月 28, 2016 18:33:14.12 [0728/183314:ERROR:process_info.cc(608)] range at 0x6c252ddc00000000, size 0x25b fully unreadable
7月 28, 2016 18:33:14.12 [0728/183314:ERROR:process_info.cc(608)] range at 0x0, size 0x25b fully unreadable
7月 28, 2016 18:35:34.81 [5564:10952:0728/183534:ERROR:checkin_request.cc(179)] Failed to get checkin response. Fetcher failed. Retrying.
7月 28, 2016 18:40:39.52 [8476:8148:0728/184039:ERROR:checkin_request.cc(179)] Failed to get checkin response. Fetcher failed. Retrying.
7月 28, 2016 18:58:21.73 [1448:10604:0728/185821:ERROR:checkin_request.cc(179)] Failed to get checkin response. Fetcher failed. Retrying.
7月 28, 2016 18:59:31.33 [1448:1464:0728/185931:ERROR:account_tracker.cc(357)] OnGetTokenFailure: Connection failed (-118).
7月 28, 2016 18:59:31.33 [1448:1464:0728/185931:ERROR:account_tracker.cc(357)] OnGetTokenFailure: Connection failed (-118).
7月 28, 2016 18:59:48.87 [1448:10604:0728/185948:ERROR:checkin_request.cc(179)] Failed to get checkin response. Fetcher failed. Retrying.
7月 28, 2016 19:01:10.32 [7452:6088:0728/190110:ERROR:connection_factory_impl.cc(369)] Failed to connect to MCS endpoint with error -118
7月 28, 2016 19:16:50.01 [2176:4268:0728/191650:ERROR:checkin_request.cc(179)] Failed to get checkin response. Fetcher failed. Retrying.
7月 28, 2016 19:16:52.51 [2176:4268:0728/191652:ERROR:connection_factory_impl.cc(369)] Failed to connect to MCS endpoint with error -105
7月 28, 2016 19:18:13.73 [2176:4268:0728/191813:ERROR:checkin_request.cc(179)] Failed to get checkin response. Fetcher failed. Retrying.
7月 28, 2016 19:18:48.19 [2176:1104:0728/191848:ERROR:account_tracker.cc(357)] OnGetTokenFailure: Connection failed (-118).
7月 28, 2016 19:18:48.19 [2176:1104:0728/191848:ERROR:account_tracker.cc(357)] OnGetTokenFailure: Connection failed (-118).
7月 28, 2016 19:20:07.99 [2176:4268:0728/192007:ERROR:checkin_request.cc(179)] Failed to get checkin response. Fetcher failed. Retrying.
7月 28, 2016 19:20:27.44 [2176:1104:0728/192027:ERROR:gcm_channel_status_request.cc(89)] GCM channel request failed.
7月 28, 2016 19:21:52.64 [5448:3180:0728/192152:ERROR:connection_factory_impl.cc(369)] Failed to connect to MCS endpoint with error -118
7月 28, 2016 19:33:06.87 [312:3476:0728/193306:ERROR:connection_factory_impl.cc(369)] Failed to connect to MCS endpoint with error -118
7月 28, 2016 19:33:48.88 [312:3476:0728/193348:ERROR:checkin_request.cc(179)] Failed to get checkin response. Fetcher failed. Retrying.
7月 28, 2016 19:33:56.50 [312:3476:0728/193356:ERROR:connection_factory_impl.cc(369)] Failed to connect to MCS endpoint with error -118
7月 28, 2016 19:34:19.21 [7036:10072:0728/193419:ERROR:connection_factory_impl.cc(369)] Failed to connect to MCS endpoint with error -118

7月 28, 2016 19:39:13.67 NEW SESSION
7月 28, 2016 19:39:13.67 [10904:11068:0728/193913:ERROR:connection_factory_impl.cc(369)] Failed to connect to MCS endpoint with error -118
7月 28, 2016 19:39:55.68 [10904:11068:0728/193955:ERROR:checkin_request.cc(179)] Failed to get checkin response. Fetcher failed. Retrying.
7月 28, 2016 19:39:58.03 [10904:11068:0728/193958:ERROR:connection_factory_impl.cc(369)] Failed to connect to MCS endpoint with error -118
7月 28, 2016 19:40:56.55 [10904:4300:0728/194056:ERROR:account_tracker.cc(357)] OnGetTokenFailure: Connection failed (-118).
7月 28, 2016 19:40:56.55 [10904:4300:0728/194056:ERROR:account_tracker.cc(357)] OnGetTokenFailure: Connection failed (-118).
7月 28, 2016 19:41:27.70 [10904:11068:0728/194127:ERROR:checkin_request.cc(179)] Failed to get checkin response. Fetcher failed. Retrying.
7月 28, 2016 19:43:14.22 [10904:11068:0728/194314:ERROR:checkin_request.cc(179)] Failed to get checkin response. Fetcher failed. Retrying.
7月 28, 2016 19:45:13.73 [9704:10588:0728/194513:ERROR:checkin_request.cc(179)] Failed to get checkin response. Fetcher failed. Retrying.
7月 28, 2016 19:46:13.46 [9704:9412:0728/194613:ERROR:account_tracker.cc(357)] OnGetTokenFailure: Connection failed (-118).
7月 28, 2016 19:46:13.46 [9704:9412:0728/194613:ERROR:account_tracker.cc(357)] OnGetTokenFailure: Connection failed (-118).
7月 28, 2016 19:46:43.70 [9704:10588:0728/194643:ERROR:checkin_request.cc(179)] Failed to get checkin response. Fetcher failed. Retrying.
7月 28, 2016 19:48:32.26 [9704:10588:0728/194832:ERROR:checkin_request.cc(179)] Failed to get checkin response. Fetcher failed. Retrying.
7月 28, 2016 19:50:10.81 [9704:9412:0728/195010:ERROR:gcm_channel_status_request.cc(89)] GCM channel request failed.
7月 28, 2016 19:56:52.25 [2316:7432:0728/195652:ERROR:connection_factory_impl.cc(369)] Failed to connect to MCS endpoint with error -118
7月 28, 2016 19:57:34.25 [2316:7432:0728/195734:ERROR:checkin_request.cc(179)] Failed to get checkin response. Fetcher failed. Retrying.
7月 28, 2016 19:57:38.94 [2316:7432:0728/195738:ERROR:connection_factory_impl.cc(369)] Failed to connect to MCS endpoint with error -118
7月 28, 2016 19:58:32.33 [2316:9136:0728/195832:ERROR:gcm_channel_status_request.cc(89)] GCM channel request failed.
7月 28, 2016 19:58:48.56 [2316:9136:0728/195848:ERROR:account_tracker.cc(357)] OnGetTokenFailure: Connection failed (-118).
7月 28, 2016 19:58:48.56 [2316:9136:0728/195848:ERROR:account_tracker.cc(357)] OnGetTokenFailure: Connection failed (-118).
7月 28, 2016 19:58:54.59 [2316:7432:0728/195854:ERROR:connection_factory_impl.cc(369)] Failed to connect to MCS endpoint with error -118
7月 28, 2016 19:58:59.27 [2316:7432:0728/195859:ERROR:checkin_request.cc(179)] Failed to get checkin response. Fetcher failed. Retrying.
7月 28, 2016 20:00:04.62 [2316:9136:0728/200004:ERROR:gcm_channel_status_request.cc(89)] GCM channel request failed.
7月 28, 2016 20:00:45.00 [2316:7432:0728/200045:ERROR:connection_factory_impl.cc(369)] Failed to connect to MCS endpoint with error -118
7月 28, 2016 20:00:54.48 [2316:7432:0728/200054:ERROR:checkin_request.cc(179)] Failed to get checkin response. Fetcher failed. Retrying.
7月 28, 2016 20:02:01.90 [2316:9136:0728/200201:ERROR:gcm_channel_status_request.cc(89)] GCM channel request failed.
7月 28, 2016 20:03:09.09 [2316:7432:0728/200309:ERROR:checkin_request.cc(179)] Failed to get checkin response. Fetcher failed. Retrying.
7月 28, 2016 20:03:11.59 [2316:7432:0728/200311:ERROR:connection_factory_impl.cc(369)] Failed to connect to MCS endpoint with error -105
7月 28, 2016 20:03:38.09 [2316:9136:0728/200338:ERROR:gcm_channel_status_request.cc(89)] GCM channel request failed.
7月 28, 2016 20:05:42.16 [2832:7528:0728/200542:ERROR:connection_factory_impl.cc(369)] Failed to connect to MCS endpoint with error -105
7月 28, 2016 20:05:42.17 [2832:7528:0728/200542:ERROR:checkin_request.cc(179)] Failed to get checkin response. Fetcher failed. Retrying.
7月 28, 2016 20:06:02.61 [2832:7528:0728/200602:ERROR:connection_factory_impl.cc(369)] Failed to connect to MCS endpoint with error -105
7月 28, 2016 20:07:38.44 [8264:8816:0728/200738:ERROR:connection_factory_impl.cc(369)] Failed to connect to MCS endpoint with error -105
7月 28, 2016 20:07:38.45 [8264:8816:0728/200738:ERROR:checkin_request.cc(179)] Failed to get checkin response. Fetcher failed. Retrying.
7月 28, 2016 20:09:36.92 [844:6796:0728/200936:ERROR:connection_factory_impl.cc(369)] Failed to connect to MCS endpoint with error -105
7月 28, 2016 20:09:36.94 [844:6796:0728/200936:ERROR:checkin_request.cc(179)] Failed to get checkin response. Fetcher failed. Retrying.
7月 28, 2016 20:09:59.96 [844:6796:0728/200959:ERROR:checkin_request.cc(179)] Failed to get checkin response. Fetcher failed. Retrying.
7月 28, 2016 20:10:01.53 [844:6796:0728/201001:ERROR:connection_factory_impl.cc(369)] Failed to connect to MCS endpoint with error -105
7月 28, 2016 20:10:10.25 [844:440:0728/201010:ERROR:account_tracker.cc(357)] OnGetTokenFailure: Connection failed (-105).
7月 28, 2016 20:10:10.25 [844:440:0728/201010:ERROR:account_tracker.cc(357)] OnGetTokenFailure: Connection failed (-105).
7月 28, 2016 20:10:46.96 [844:6796:0728/201046:ERROR:connection_factory_impl.cc(369)] Failed to connect to MCS endpoint with error -105
7月 28, 2016 20:10:53.47 [844:6796:0728/201053:ERROR:checkin_request.cc(179)] Failed to get checkin response. Fetcher failed. Retrying.
7月 28, 2016 20:14:13.66 [608:5288:0728/201413:ERROR:connection_factory_impl.cc(369)] Failed to connect to MCS endpoint with error -105
7月 28, 2016 20:14:13.67 [608:5288:0728/201413:ERROR:checkin_request.cc(179)] Failed to get checkin response. Fetcher failed. Retrying.
7月 28, 2016 20:14:24.56 [10184:9720:0728/201424:ERROR:connection_factory_impl.cc(369)] Failed to connect to MCS endpoint with error -105
7月 28, 2016 20:14:24.57 [10184:9720:0728/201424:ERROR:checkin_request.cc(179)] Failed to get checkin response. Fetcher failed. Retrying.
7月 28, 2016 20:14:53.88 [2944:10072:0728/201453:ERROR:connection_factory_impl.cc(369)] Failed to connect to MCS endpoint with error -105
7月 28, 2016 20:14:53.91 [2944:10072:0728/201453:ERROR:checkin_request.cc(179)] Failed to get checkin response. Fetcher failed. Retrying.
7月 28, 2016 20:15:03.92 [10600:8796:0728/201503:ERROR:connection_factory_impl.cc(369)] Failed to connect to MCS endpoint with error -105
7月 28, 2016 20:15:03.92 [10600:8796:0728/201503:ERROR:checkin_request.cc(179)] Failed to get checkin response. Fetcher failed. Retrying.
7月 28, 2016 20:15:30.06 [9836:6436:0728/201530:ERROR:connection_factory_impl.cc(369)] Failed to connect to MCS endpoint with error -105
7月 28, 2016 20:15:30.07 [9836:6436:0728/201530:ERROR:checkin_request.cc(179)] Failed to get checkin response. Fetcher failed. Retrying.
7月 28, 2016 20:15:51.98 [9836:6436:0728/201551:ERROR:checkin_request.cc(179)] Failed to get checkin response. Fetcher failed. Retrying.
7月 28, 2016 20:15:57.91 [9836:6436:0728/201557:ERROR:connection_factory_impl.cc(369)] Failed to connect to MCS endpoint with error -105
7月 28, 2016 20:16:03.74 [9836:7908:0728/201603:ERROR:account_tracker.cc(357)] OnGetTokenFailure: Connection failed (-105).
7月 28, 2016 20:16:03.74 [9836:7908:0728/201603:ERROR:account_tracker.cc(357)] OnGetTokenFailure: Connection failed (-105).
7月 28, 2016 20:16:17.87 [3664:7028:0728/201617:ERROR:connection_factory_impl.cc(369)] Failed to connect to MCS endpoint with error -105
7月 28, 2016 20:16:17.88 [3664:7028:0728/201617:ERROR:checkin_request.cc(179)] Failed to get checkin response. Fetcher failed. Retrying.
7月 28, 2016 20:16:40.14 [3664:7028:0728/201640:ERROR:connection_factory_impl.cc(369)] Failed to connect to MCS endpoint with error -105
7月 28, 2016 20:17:29.05 [1208:5528:0728/201729:ERROR:connection_factory_impl.cc(369)] Failed to connect to MCS endpoint with error -105
7月 28, 2016 20:17:29.06 [1208:5528:0728/201729:ERROR:checkin_request.cc(179)] Failed to get checkin response. Fetcher failed. Retrying.
7月 28, 2016 20:17:38.91 [10740:9848:0728/201738:ERROR:connection_factory_impl.cc(369)] Failed to connect to MCS endpoint with error -105
7月 28, 2016 20:17:38.92 [10740:9848:0728/201738:ERROR:checkin_request.cc(179)] Failed to get checkin response. Fetcher failed. Retrying.
7月 28, 2016 20:20:37.70 [7240:4984:0728/202037:ERROR:connection_factory_impl.cc(369)] Failed to connect to MCS endpoint with error -105
7月 28, 2016 20:20:37.70 [7240:4984:0728/202037:ERROR:checkin_request.cc(179)] Failed to get checkin response. Fetcher failed. Retrying.
7月 28, 2016 20:20:43.26 [8280:8408:0728/202043:ERROR:connection_factory_impl.cc(369)] Failed to connect to MCS endpoint with error -105
7月 28, 2016 20:20:43.28 [8280:8408:0728/202043:ERROR:checkin_request.cc(179)] Failed to get checkin response. Fetcher failed. Retrying.
7月 28, 2016 20:21:03.54 [8280:8408:0728/202103:ERROR:connection_factory_impl.cc(369)] Failed to connect to MCS endpoint with error -105
7月 28, 2016 20:21:04.28 [8280:8408:0728/202104:ERROR:checkin_request.cc(179)] Failed to get checkin response. Fetcher failed. Retrying.
7月 28, 2016 20:21:16.18 [8280:608:0728/202116:ERROR:account_tracker.cc(357)] OnGetTokenFailure: Connection failed (-105).
7月 28, 2016 20:21:16.18 [8280:608:0728/202116:ERROR:account_tracker.cc(357)] OnGetTokenFailure: Connection failed (-105).
7月 28, 2016 20:21:22.27 [1256:4132:0728/202122:ERROR:connection_factory_impl.cc(369)] Failed to connect to MCS endpoint with error -105
7月 28, 2016 20:21:22.28 [1256:4132:0728/202122:ERROR:checkin_request.cc(179)] Failed to get checkin response. Fetcher failed. Retrying.
7月 28, 2016 20:21:44.60 [1256:4132:0728/202144:ERROR:connection_factory_impl.cc(369)] Failed to connect to MCS endpoint with error -105
7月 28, 2016 20:21:50.48 [1256:4132:0728/202150:ERROR:checkin_request.cc(179)] Failed to get checkin response. Fetcher failed. Retrying.
7月 28, 2016 20:21:55.19 [1256:5596:0728/202155:ERROR:account_tracker.cc(357)] OnGetTokenFailure: Connection failed (-105).
7月 28, 2016 20:21:55.19 [1256:5596:0728/202155:ERROR:account_tracker.cc(357)] OnGetTokenFailure: Connection failed (-105).

7月 28, 2016 22:22:20.02 NEW SESSION
7月 28, 2016 22:22:20.02 [1584:3060:0728/222220:ERROR:connection_factory_impl.cc(369)] Failed to connect to MCS endpoint with error -106
7月 28, 2016 22:22:20.61 [1584:3060:0728/222220:ERROR:checkin_request.cc(179)] Failed to get checkin response. Fetcher failed. Retrying.
7月 28, 2016 22:22:43.56 [1584:3060:0728/222243:ERROR:connection_factory_impl.cc(369)] Failed to connect to MCS endpoint with error -106
7月 28, 2016 22:22:45.53 [1584:3060:0728/222245:ERROR:checkin_request.cc(179)] Failed to get checkin response. Fetcher failed. Retrying.
7月 28, 2016 22:22:54.40 [1584:10036:0728/222254:ERROR:account_tracker.cc(357)] OnGetTokenFailure: Connection failed (-106).
7月 28, 2016 22:22:54.40 [1584:10036:0728/222254:ERROR:account_tracker.cc(357)] OnGetTokenFailure: Connection failed (-106).
7月 28, 2016 22:23:34.71 [1584:3060:0728/222334:ERROR:checkin_request.cc(179)] Failed to get checkin response. Fetcher failed. Retrying.
7月 28, 2016 22:23:41.29 [1584:3060:0728/222341:ERROR:connection_factory_impl.cc(369)] Failed to connect to MCS endpoint with error -106

7月 29, 2016 10:37:44.62 NEW SESSION
7月 29, 2016 10:37:44.63 [10196:7980:0729/103744:ERROR:connection_factory_impl.cc(369)] Failed to connect to MCS endpoint with error -118
7月 29, 2016 10:40:24.46 [9020:10456:0729/104024:ERROR:connection_factory_impl.cc(369)] Failed to connect to MCS endpoint with error -118
7月 29, 2016 10:49:22.18 [8644:2244:0729/104922:ERROR:checkin_request.cc(179)] Failed to get checkin response. Fetcher failed. Retrying.
7月 29, 2016 10:50:39.26 [8644:5668:0729/105039:ERROR:account_tracker.cc(357)] OnGetTokenFailure: Connection failed (-118).
7月 29, 2016 10:50:39.26 [8644:5668:0729/105039:ERROR:account_tracker.cc(357)] OnGetTokenFailure: Connection failed (-118).
7月 29, 2016 10:50:51.48 [8644:2244:0729/105051:ERROR:checkin_request.cc(179)] Failed to get checkin response. Fetcher failed. Retrying.
7月 29, 2016 10:59:20.65 [8444:8636:0729/105920:ERROR:connection_factory_impl.cc(369)] Failed to connect to MCS endpoint with error -118
7月 29, 2016 13:48:28.52 [1396:7320:0729/134828:ERROR:checkin_request.cc(179)] Failed to get checkin response. Fetcher failed. Retrying.
7月 29, 2016 14:22:23.41 [2916:1480:0729/142223:ERROR:connection_factory_impl.cc(369)] Failed to connect to MCS endpoint with error -118
7月 29, 2016 14:30:30.36 [7328:10988:0729/143030:ERROR:checkin_request.cc(179)] Failed to get checkin response. Fetcher failed. Retrying.
7月 29, 2016 14:31:30.42 [7328:5100:0729/143130:ERROR:account_tracker.cc(357)] OnGetTokenFailure: Connection failed (-118).
7月 29, 2016 14:31:30.48 [7328:5100:0729/143130:ERROR:account_tracker.cc(357)] OnGetTokenFailure: Connection failed (-118).
7月 29, 2016 14:31:57.88 [7328:10988:0729/143157:ERROR:checkin_request.cc(179)] Failed to get checkin response. Fetcher failed. Retrying.
7月 29, 2016 14:33:44.16 [7328:10988:0729/143344:ERROR:checkin_request.cc(179)] Failed to get checkin response. Fetcher failed. Retrying.
7月 29, 2016 14:36:03.50 [7328:5100:0729/143603:ERROR:gcm_channel_status_request.cc(89)] GCM channel request failed.
7月 29, 2016 14:36:24.77 [7328:10988:0729/143624:ERROR:checkin_request.cc(179)] Failed to get checkin response. Fetcher failed. Retrying.
7月 29, 2016 14:37:36.42 [7328:5100:0729/143736:ERROR:gcm_channel_status_request.cc(89)] GCM channel request failed.
7月 29, 2016 14:39:38.38 [7328:5100:0729/143938:ERROR:gcm_channel_status_request.cc(89)] GCM channel request failed.
7月 29, 2016 14:41:09.88 [7328:10988:0729/144109:ERROR:checkin_request.cc(179)] Failed to get checkin response. Fetcher failed. Retrying.
7月 29, 2016 14:42:10.69 [7328:5100:0729/144210:ERROR:gcm_channel_status_request.cc(89)] GCM channel request failed.
7月 29, 2016 14:47:09.36 [7328:5100:0729/144709:ERROR:gcm_channel_status_request.cc(89)] GCM channel request failed.
7月 29, 2016 14:48:21.75 [7328:10988:0729/144821:ERROR:checkin_request.cc(179)] Failed to get checkin response. Fetcher failed. Retrying.
7月 29, 2016 15:13:09.45 [4188:10044:0729/151309:ERROR:connection_factory_impl.cc(369)] Failed to connect to MCS endpoint with error -118
7月 29, 2016 15:13:51.47 [4188:10044:0729/151351:ERROR:checkin_request.cc(179)] Failed to get checkin response. Fetcher failed. Retrying.
7月 29, 2016 15:13:53.69 [4188:10044:0729/151353:ERROR:connection_factory_impl.cc(369)] Failed to connect to MCS endpoint with error -118
7月 29, 2016 15:14:37.59 [10944:9244:0729/151437:ERROR:connection_factory_impl.cc(369)] Failed to connect to MCS endpoint with error -118
7月 29, 2016 15:23:26.17 [2784:5628:0729/152326:ERROR:checkin_request.cc(179)] Failed to get checkin response. Fetcher failed. Retrying.
7月 29, 2016 15:24:33.80 [2784:7380:0729/152433:ERROR:account_tracker.cc(357)] OnGetTokenFailure: Connection failed (-118).
7月 29, 2016 15:24:33.80 [2784:7380:0729/152433:ERROR:account_tracker.cc(357)] OnGetTokenFailure: Connection failed (-118).
7月 29, 2016 15:25:48.64 [9880:4184:0729/152548:ERROR:checkin_request.cc(179)] Failed to get checkin response. Fetcher failed. Retrying.
7月 29, 2016 15:27:05.65 [7304:6296:0729/152705:ERROR:checkin_request.cc(179)] Failed to get checkin response. Fetcher failed. Retrying.
7月 29, 2016 15:28:05.32 [7304:5100:0729/152805:ERROR:account_tracker.cc(357)] OnGetTokenFailure: Connection failed (-118).
7月 29, 2016 15:28:05.32 [7304:5100:0729/152805:ERROR:account_tracker.cc(357)] OnGetTokenFailure: Connection failed (-118).
7月 29, 2016 15:28:38.60 [7304:6296:0729/152838:ERROR:checkin_request.cc(179)] Failed to get checkin response. Fetcher failed. Retrying.

7月 29, 2016 15:32:06.16 NEW SESSION
7月 29, 2016 15:32:06.16 [7100:3604:0729/153206:ERROR:checkin_request.cc(179)] Failed to get checkin response. Fetcher failed. Retrying.
7月 29, 2016 15:36:27.73 [10344:7060:0729/153627:ERROR:checkin_request.cc(179)] Failed to get checkin response. Fetcher failed. Retrying.
7月 29, 2016 15:37:28.10 [10344:3212:0729/153728:ERROR:account_tracker.cc(357)] OnGetTokenFailure: Connection failed (-118).
7月 29, 2016 15:37:28.10 [10344:3212:0729/153728:ERROR:account_tracker.cc(357)] OnGetTokenFailure: Connection failed (-118).
7月 29, 2016 15:37:56.27 [10344:7060:0729/153756:ERROR:checkin_request.cc(179)] Failed to get checkin response. Fetcher failed. Retrying.
7月 29, 2016 15:38:49.80 [10344:3212:0729/153849:ERROR:gcm_channel_status_request.cc(89)] GCM channel request failed.
7月 29, 2016 15:39:57.73 [10344:7060:0729/153957:ERROR:checkin_request.cc(179)] Failed to get checkin response. Fetcher failed. Retrying.
7月 29, 2016 15:40:13.96 [10344:3212:0729/154013:ERROR:gcm_channel_status_request.cc(89)] GCM channel request failed.
7月 29, 2016 15:41:57.62 [10344:3212:0729/154157:ERROR:gcm_channel_status_request.cc(89)] GCM channel request failed.
7月 29, 2016 15:42:34.08 [10344:7060:0729/154234:ERROR:checkin_request.cc(179)] Failed to get checkin response. Fetcher failed. Retrying.
7月 29, 2016 15:44:33.72 [10344:3212:0729/154433:ERROR:gcm_channel_status_request.cc(89)] GCM channel request failed.
7月 29, 2016 15:47:03.15 [10344:7060:0729/154703:ERROR:checkin_request.cc(179)] Failed to get checkin response. Fetcher failed. Retrying.
7月 29, 2016 15:48:47.62 [10344:3212:0729/154847:ERROR:gcm_channel_status_request.cc(89)] GCM channel request failed.
7月 29, 2016 15:54:39.12 [10344:7060:0729/155439:ERROR:checkin_request.cc(179)] Failed to get checkin response. Fetcher failed. Retrying.
7月 29, 2016 15:57:33.64 [10344:3212:0729/155733:ERROR:gcm_channel_status_request.cc(89)] GCM channel request failed.
7月 29, 2016 16:05:42.14 [10344:7060:0729/160542:ERROR:checkin_request.cc(179)] Failed to get checkin response. Fetcher failed. Retrying.
7月 29, 2016 16:08:36.74 [10344:3212:0729/160836:ERROR:gcm_channel_status_request.cc(89)] GCM channel request failed.
7月 29, 2016 16:16:42.51 [10344:3212:0729/161642:ERROR:account_info_fetcher.cc(58)] OnGetTokenFailure: Connection failed (-118).
7月 29, 2016 16:16:45.20 [10344:7060:0729/161645:ERROR:checkin_request.cc(179)] Failed to get checkin response. Fetcher failed. Retrying.
7月 29, 2016 16:19:39.84 [10344:3212:0729/161939:ERROR:gcm_channel_status_request.cc(89)] GCM channel request failed.
7月 29, 2016 16:27:48.21 [10344:7060:0729/162748:ERROR:checkin_request.cc(179)] Failed to get checkin response. Fetcher failed. Retrying.
7月 29, 2016 16:30:42.94 [10344:3212:0729/163042:ERROR:gcm_channel_status_request.cc(89)] GCM channel request failed.
7月 29, 2016 16:31:09.62 [2368:10776:0729/163109:ERROR:connection_factory_impl.cc(369)] Failed to connect to MCS endpoint with error -118
7月 29, 2016 16:31:51.62 [2368:10776:0729/163151:ERROR:checkin_request.cc(179)] Failed to get checkin response. Fetcher failed. Retrying.
7月 29, 2016 16:31:56.14 [2368:10776:0729/163156:ERROR:connection_factory_impl.cc(369)] Failed to connect to MCS endpoint with error -118
7月 29, 2016 16:32:51.97 [2368:8152:0729/163251:ERROR:account_tracker.cc(357)] OnGetTokenFailure: Connection failed (-118).
7月 29, 2016 16:32:51.97 [2368:8152:0729/163251:ERROR:account_tracker.cc(357)] OnGetTokenFailure: Connection failed (-118).
7月 29, 2016 16:33:11.34 [2368:10776:0729/163311:ERROR:connection_factory_impl.cc(369)] Failed to connect to MCS endpoint with error -118
7月 29, 2016 16:33:16.82 [2368:10776:0729/163316:ERROR:checkin_request.cc(179)] Failed to get checkin response. Fetcher failed. Retrying.
7月 29, 2016 16:34:38.65 [1180:4156:0729/163438:ERROR:connection_factory_impl.cc(369)] Failed to connect to MCS endpoint with error -118
7月 29, 2016 16:41:37.09 [9308:8488:0729/164137:ERROR:connection_factory_impl.cc(369)] Failed to connect to MCS endpoint with error -118
7月 29, 2016 17:13:26.37 [7560:996:0729/171326:ERROR:connection_factory_impl.cc(369)] Failed to connect to MCS endpoint with error -118
