echo	===========================		>source.txt	|	echo	16进制10进制.txt		>>source.txt	|	type	16进制10进制.txt		>>source.txt
echo	===========================		>>source.txt	|	echo	32.txt		>>source.txt	|	type	32.txt		>>source.txt
echo	===========================		>>source.txt	|	echo	asm.txt		>>source.txt	|	type	asm.txt		>>source.txt
echo	===========================		>>source.txt	|	echo	Crctable.txt		>>source.txt	|	type	Crctable.txt		>>source.txt
echo	===========================		>>source.txt	|	echo	C标志符命名源程序.txt		>>source.txt	|	type	C标志符命名源程序.txt		>>source.txt
echo	===========================		>>source.txt	|	echo	erre.txt		>>source.txt	|	type	erre.txt		>>source.txt
echo	===========================		>>source.txt	|	echo	erre2.txt		>>source.txt	|	type	erre2.txt		>>source.txt
echo	===========================		>>source.txt	|	echo	ff.txt		>>source.txt	|	type	ff.txt		>>source.txt
echo	===========================		>>source.txt	|	echo	for循环的.txt		>>source.txt	|	type	for循环的.txt		>>source.txt
echo	===========================		>>source.txt	|	echo	list.log		>>source.txt	|	type	list.log		>>source.txt
echo	===========================		>>source.txt	|	echo	N皇后问题回溯算法.txt		>>source.txt	|	type	N皇后问题回溯算法.txt		>>source.txt
echo	===========================		>>source.txt	|	echo	ping.txt		>>source.txt	|	type	ping.txt		>>source.txt
echo	===========================		>>source.txt	|	echo	re.txt		>>source.txt	|	type	re.txt		>>source.txt
echo	===========================		>>source.txt	|	echo	winsock2.txt		>>source.txt	|	type	winsock2.txt		>>source.txt
echo	===========================		>>source.txt	|	echo	ww.txt		>>source.txt	|	type	ww.txt		>>source.txt
echo	===========================		>>source.txt	|	echo	万年历.txt		>>source.txt	|	type	万年历.txt		>>source.txt
echo	===========================		>>source.txt	|	echo	万年历的算法 .txt		>>source.txt	|	type	万年历的算法 .txt		>>source.txt
echo	===========================		>>source.txt	|	echo	乘方函数桃子猴.txt		>>source.txt	|	type	乘方函数桃子猴.txt		>>source.txt
echo	===========================		>>source.txt	|	echo	乘法矩阵.txt		>>source.txt	|	type	乘法矩阵.txt		>>source.txt
echo	===========================		>>source.txt	|	echo	二分查找1.txt		>>source.txt	|	type	二分查找1.txt		>>source.txt
echo	===========================		>>source.txt	|	echo	二分查找2.txt		>>source.txt	|	type	二分查找2.txt		>>source.txt
echo	===========================		>>source.txt	|	echo	二叉排序树.txt		>>source.txt	|	type	二叉排序树.txt		>>source.txt
echo	===========================		>>source.txt	|	echo	二叉树.txt		>>source.txt	|	type	二叉树.txt		>>source.txt
echo	===========================		>>source.txt	|	echo	二叉树实例.txt		>>source.txt	|	type	二叉树实例.txt		>>source.txt
echo	===========================		>>source.txt	|	echo	二进制数.txt		>>source.txt	|	type	二进制数.txt		>>source.txt
echo	===========================		>>source.txt	|	echo	二进制数2.txt		>>source.txt	|	type	二进制数2.txt		>>source.txt
echo	===========================		>>source.txt	|	echo	余弦曲线.txt		>>source.txt	|	type	余弦曲线.txt		>>source.txt
echo	===========================		>>source.txt	|	echo	余弦直线.txt		>>source.txt	|	type	余弦直线.txt		>>source.txt
echo	===========================		>>source.txt	|	echo	傻瓜递归.txt		>>source.txt	|	type	傻瓜递归.txt		>>source.txt
echo	===========================		>>source.txt	|	echo	冒泡排序.txt		>>source.txt	|	type	冒泡排序.txt		>>source.txt
echo	===========================		>>source.txt	|	echo	冒泡法改进.txt		>>source.txt	|	type	冒泡法改进.txt		>>source.txt
echo	===========================		>>source.txt	|	echo	动态计算网络最长最短路线.txt		>>source.txt	|	type	动态计算网络最长最短路线.txt		>>source.txt
echo	===========================		>>source.txt	|	echo	十五人排序.txt		>>source.txt	|	type	十五人排序.txt		>>source.txt
echo	===========================		>>source.txt	|	echo	单循环链表.txt		>>source.txt	|	type	单循环链表.txt		>>source.txt
echo	===========================		>>source.txt	|	echo	单词倒转.txt		>>source.txt	|	type	单词倒转.txt		>>source.txt
echo	===========================		>>source.txt	|	echo	单链表.txt		>>source.txt	|	type	单链表.txt		>>source.txt
echo	===========================		>>source.txt	|	echo	单链表1.txt		>>source.txt	|	type	单链表1.txt		>>source.txt
echo	===========================		>>source.txt	|	echo	单链表2.txt		>>source.txt	|	type	单链表2.txt		>>source.txt
echo	===========================		>>source.txt	|	echo	单链表倒序.txt		>>source.txt	|	type	单链表倒序.txt		>>source.txt
echo	===========================		>>source.txt	|	echo	单链表的处理全集.txt		>>source.txt	|	type	单链表的处理全集.txt		>>source.txt
echo	===========================		>>source.txt	|	echo	双链表正排序.txt		>>source.txt	|	type	双链表正排序.txt		>>source.txt
echo	===========================		>>source.txt	|	echo	反出字符.txt		>>source.txt	|	type	反出字符.txt		>>source.txt
echo	===========================		>>source.txt	|	echo	叠代整除.txt		>>source.txt	|	type	叠代整除.txt		>>source.txt
echo	===========================		>>source.txt	|	echo	各种排序法.txt		>>source.txt	|	type	各种排序法.txt		>>source.txt
echo	===========================		>>source.txt	|	echo	哈夫曼算法.txt		>>source.txt	|	type	哈夫曼算法.txt		>>source.txt
echo	===========================		>>source.txt	|	echo	哈慢树.txt		>>source.txt	|	type	哈慢树.txt		>>source.txt
echo	===========================		>>source.txt	|	echo	四分砝码.txt		>>source.txt	|	type	四分砝码.txt		>>source.txt
echo	===========================		>>source.txt	|	echo	四塔1.txt		>>source.txt	|	type	四塔1.txt		>>source.txt
echo	===========================		>>source.txt	|	echo	四塔2.txt		>>source.txt	|	type	四塔2.txt		>>source.txt
echo	===========================		>>source.txt	|	echo	回文.txt		>>source.txt	|	type	回文.txt		>>source.txt
echo	===========================		>>source.txt	|	echo	图.txt		>>source.txt	|	type	图.txt		>>source.txt
echo	===========================		>>source.txt	|	echo	圆周率.txt		>>source.txt	|	type	圆周率.txt		>>source.txt
echo	===========================		>>source.txt	|	echo	多位阶乘.txt		>>source.txt	|	type	多位阶乘.txt		>>source.txt
echo	===========================		>>source.txt	|	echo	多位阶乘2.txt		>>source.txt	|	type	多位阶乘2.txt		>>source.txt
echo	===========================		>>source.txt	|	echo	大加数.txt		>>source.txt	|	type	大加数.txt		>>source.txt
echo	===========================		>>source.txt	|	echo	大小倍约.txt		>>source.txt	|	type	大小倍约.txt		>>source.txt
echo	===========================		>>source.txt	|	echo	大整数.txt		>>source.txt	|	type	大整数.txt		>>source.txt
echo	===========================		>>source.txt	|	echo	字符串查找.txt		>>source.txt	|	type	字符串查找.txt		>>source.txt
echo	===========================		>>source.txt	|	echo	字符编辑.txt		>>source.txt	|	type	字符编辑.txt		>>source.txt
echo	===========================		>>source.txt	|	echo	字符编辑技术(插入和删除) .txt		>>source.txt	|	type	字符编辑技术(插入和删除) .txt		>>source.txt
echo	===========================		>>source.txt	|	echo	完数.txt		>>source.txt	|	type	完数.txt		>>source.txt
echo	===========================		>>source.txt	|	echo	定长串.txt		>>source.txt	|	type	定长串.txt		>>source.txt
echo	===========================		>>source.txt	|	echo	实例1.txt		>>source.txt	|	type	实例1.txt		>>source.txt
echo	===========================		>>source.txt	|	echo	实例2.txt		>>source.txt	|	type	实例2.txt		>>source.txt
echo	===========================		>>source.txt	|	echo	实例3.txt		>>source.txt	|	type	实例3.txt		>>source.txt
echo	===========================		>>source.txt	|	echo	小写数字转换成大写数字1.txt		>>source.txt	|	type	小写数字转换成大写数字1.txt		>>source.txt
echo	===========================		>>source.txt	|	echo	小写数字转换成大写数字2.txt		>>source.txt	|	type	小写数字转换成大写数字2.txt		>>source.txt
echo	===========================		>>source.txt	|	echo	小写数字转换成大写数字3.txt		>>source.txt	|	type	小写数字转换成大写数字3.txt		>>source.txt
echo	===========================		>>source.txt	|	echo	小字库DIY-.txt		>>source.txt	|	type	小字库DIY-.txt		>>source.txt
echo	===========================		>>source.txt	|	echo	小字库DIY.txt		>>source.txt	|	type	小字库DIY.txt		>>source.txt
echo	===========================		>>source.txt	|	echo	小孩分糖果.txt		>>source.txt	|	type	小孩分糖果.txt		>>source.txt
echo	===========================		>>source.txt	|	echo	小明买书.txt		>>source.txt	|	type	小明买书.txt		>>source.txt
echo	===========================		>>source.txt	|	echo	小白鼠钻迷宫.txt		>>source.txt	|	type	小白鼠钻迷宫.txt		>>source.txt
echo	===========================		>>source.txt	|	echo	带头结点双链循环线性表.txt		>>source.txt	|	type	带头结点双链循环线性表.txt		>>source.txt
echo	===========================		>>source.txt	|	echo	平方根.txt		>>source.txt	|	type	平方根.txt		>>source.txt
echo	===========================		>>source.txt	|	echo	建树和遍历.txt		>>source.txt	|	type	建树和遍历.txt		>>source.txt
echo	===========================		>>source.txt	|	echo	建立链表1.txt		>>source.txt	|	type	建立链表1.txt		>>source.txt
echo	===========================		>>source.txt	|	echo	扫描码.txt		>>source.txt	|	type	扫描码.txt		>>source.txt
echo	===========================		>>source.txt	|	echo	挽救软盘.txt		>>source.txt	|	type	挽救软盘.txt		>>source.txt
echo	===========================		>>source.txt	|	echo	换位递归.txt		>>source.txt	|	type	换位递归.txt		>>source.txt
echo	===========================		>>source.txt	|	echo	排序法.txt		>>source.txt	|	type	排序法.txt		>>source.txt
echo	===========================		>>source.txt	|	echo	推箱子.txt		>>source.txt	|	type	推箱子.txt		>>source.txt
echo	===========================		>>source.txt	|	echo	数字移动.txt		>>source.txt	|	type	数字移动.txt		>>source.txt
echo	===========================		>>source.txt	|	echo	数据结构.txt		>>source.txt	|	type	数据结构.txt		>>source.txt
echo	===========================		>>source.txt	|	echo	数据结构2.txt		>>source.txt	|	type	数据结构2.txt		>>source.txt
echo	===========================		>>source.txt	|	echo	数据结构3.txt		>>source.txt	|	type	数据结构3.txt		>>source.txt
echo	===========================		>>source.txt	|	echo	数组完全单元.txt		>>source.txt	|	type	数组完全单元.txt		>>source.txt
echo	===========================		>>source.txt	|	echo	数组操作.txt		>>source.txt	|	type	数组操作.txt		>>source.txt
echo	===========================		>>source.txt	|	echo	数组递归退出.txt		>>source.txt	|	type	数组递归退出.txt		>>source.txt
echo	===========================		>>source.txt	|	echo	数组递归退出2.txt		>>source.txt	|	type	数组递归退出2.txt		>>source.txt
echo	===========================		>>source.txt	|	echo	文件加密.txt		>>source.txt	|	type	文件加密.txt		>>source.txt
echo	===========================		>>source.txt	|	echo	文件复制.txt		>>source.txt	|	type	文件复制.txt		>>source.txt
echo	===========================		>>source.txt	|	echo	文件连接.txt		>>source.txt	|	type	文件连接.txt		>>source.txt
echo	===========================		>>source.txt	|	echo	无向图.txt		>>source.txt	|	type	无向图.txt		>>source.txt
echo	===========================		>>source.txt	|	echo	时间陷阱.txt		>>source.txt	|	type	时间陷阱.txt		>>source.txt
echo	===========================		>>source.txt	|	echo	杨辉三角形.txt		>>source.txt	|	type	杨辉三角形.txt		>>source.txt
echo	===========================		>>source.txt	|	echo	栈单元加.txt		>>source.txt	|	type	栈单元加.txt		>>source.txt
echo	===========================		>>source.txt	|	echo	栈操作.txt		>>source.txt	|	type	栈操作.txt		>>source.txt
echo	===========================		>>source.txt	|	echo	桃子猴.txt		>>source.txt	|	type	桃子猴.txt		>>source.txt
echo	===========================		>>source.txt	|	echo	桶排序.txt		>>source.txt	|	type	桶排序.txt		>>source.txt
echo	===========================		>>source.txt	|	echo	检出错误.txt		>>source.txt	|	type	检出错误.txt		>>source.txt
echo	===========================		>>source.txt	|	echo	检测鼠标.txt		>>source.txt	|	type	检测鼠标.txt		>>source.txt
echo	===========================		>>source.txt	|	echo	汉字字模.txt		>>source.txt	|	type	汉字字模.txt		>>source.txt
echo	===========================		>>source.txt	|	echo	汉诺塔.txt		>>source.txt	|	type	汉诺塔.txt		>>source.txt
echo	===========================		>>source.txt	|	echo	汉诺塔2.txt		>>source.txt	|	type	汉诺塔2.txt		>>source.txt
echo	===========================		>>source.txt	|	echo	灯塔问题.txt		>>source.txt	|	type	灯塔问题.txt		>>source.txt
echo	===========================		>>source.txt	|	echo	猴子和桃.txt		>>source.txt	|	type	猴子和桃.txt		>>source.txt
echo	===========================		>>source.txt	|	echo	百鸡百钱.txt		>>source.txt	|	type	百鸡百钱.txt		>>source.txt
echo	===========================		>>source.txt	|	echo	矩阵乘法动态规划.txt		>>source.txt	|	type	矩阵乘法动态规划.txt		>>source.txt
echo	===========================		>>source.txt	|	echo	矩阵转换.txt		>>source.txt	|	type	矩阵转换.txt		>>source.txt
echo	===========================		>>source.txt	|	echo	硬币分法.txt		>>source.txt	|	type	硬币分法.txt		>>source.txt
echo	===========================		>>source.txt	|	echo	神经元模型.txt		>>source.txt	|	type	神经元模型.txt		>>source.txt
echo	===========================		>>source.txt	|	echo	穷举搜索法.txt		>>source.txt	|	type	穷举搜索法.txt		>>source.txt
echo	===========================		>>source.txt	|	echo	符号图形.txt		>>source.txt	|	type	符号图形.txt		>>source.txt
echo	===========================		>>source.txt	|	echo	简单数据库.txt		>>source.txt	|	type	简单数据库.txt		>>source.txt
echo	===========================		>>source.txt	|	echo	简单计算器.txt		>>source.txt	|	type	简单计算器.txt		>>source.txt
echo	===========================		>>source.txt	|	echo	简单逆阵.txt		>>source.txt	|	type	简单逆阵.txt		>>source.txt
echo	===========================		>>source.txt	|	echo	线性顺序存储结构.txt		>>source.txt	|	type	线性顺序存储结构.txt		>>source.txt
echo	===========================		>>source.txt	|	echo	线索化二叉树.txt		>>source.txt	|	type	线索化二叉树.txt		>>source.txt
echo	===========================		>>source.txt	|	echo	绘制圆.txt		>>source.txt	|	type	绘制圆.txt		>>source.txt
echo	===========================		>>source.txt	|	echo	编随机数.txt		>>source.txt	|	type	编随机数.txt		>>source.txt
echo	===========================		>>source.txt	|	echo	网络最短路径Dijkstra算法.txt		>>source.txt	|	type	网络最短路径Dijkstra算法.txt		>>source.txt
echo	===========================		>>source.txt	|	echo	自我复制.txt		>>source.txt	|	type	自我复制.txt		>>source.txt
echo	===========================		>>source.txt	|	echo	节点.txt		>>source.txt	|	type	节点.txt		>>source.txt
echo	===========================		>>source.txt	|	echo	苹果分法.txt		>>source.txt	|	type	苹果分法.txt		>>source.txt
echo	===========================		>>source.txt	|	echo	螺旋数组1.txt		>>source.txt	|	type	螺旋数组1.txt		>>source.txt
echo	===========================		>>source.txt	|	echo	螺旋数组2.txt		>>source.txt	|	type	螺旋数组2.txt		>>source.txt
echo	===========================		>>source.txt	|	echo	试题.txt		>>source.txt	|	type	试题.txt		>>source.txt
echo	===========================		>>source.txt	|	echo	诺汉塔画图版.txt		>>source.txt	|	type	诺汉塔画图版.txt		>>source.txt
echo	===========================		>>source.txt	|	echo	读写文本文件.txt		>>source.txt	|	type	读写文本文件.txt		>>source.txt
echo	===========================		>>source.txt	|	echo	货郎担分枝限界图形演示.txt		>>source.txt	|	type	货郎担分枝限界图形演示.txt		>>source.txt
echo	===========================		>>source.txt	|	echo	货郎担限界算法.txt		>>source.txt	|	type	货郎担限界算法.txt		>>source.txt
echo	===========================		>>source.txt	|	echo	质因子.txt		>>source.txt	|	type	质因子.txt		>>source.txt
echo	===========================		>>source.txt	|	echo	输出自已.txt		>>source.txt	|	type	输出自已.txt		>>source.txt
echo	===========================		>>source.txt	|	echo	迷宫.txt		>>source.txt	|	type	迷宫.txt		>>source.txt
echo	===========================		>>source.txt	|	echo	迷宫问题.txt		>>source.txt	|	type	迷宫问题.txt		>>source.txt
echo	===========================		>>source.txt	|	echo	逆波兰计算器.txt		>>source.txt	|	type	逆波兰计算器.txt		>>source.txt
echo	===========================		>>source.txt	|	echo	逆矩阵.txt		>>source.txt	|	type	逆矩阵.txt		>>source.txt
echo	===========================		>>source.txt	|	echo	逆阵.txt		>>source.txt	|	type	逆阵.txt		>>source.txt
echo	===========================		>>source.txt	|	echo	递堆法.txt		>>source.txt	|	type	递堆法.txt		>>source.txt
echo	===========================		>>source.txt	|	echo	递归桃猴.txt		>>source.txt	|	type	递归桃猴.txt		>>source.txt
echo	===========================		>>source.txt	|	echo	递归车厢.txt		>>source.txt	|	type	递归车厢.txt		>>source.txt
echo	===========================		>>source.txt	|	echo	递推.txt		>>source.txt	|	type	递推.txt		>>source.txt
echo	===========================		>>source.txt	|	echo	逻辑移动.txt		>>source.txt	|	type	逻辑移动.txt		>>source.txt
echo	===========================		>>source.txt	|	echo	链串.txt		>>source.txt	|	type	链串.txt		>>source.txt
echo	===========================		>>source.txt	|	echo	链栈.txt		>>source.txt	|	type	链栈.txt		>>source.txt
echo	===========================		>>source.txt	|	echo	链表十五人排序.txt		>>source.txt	|	type	链表十五人排序.txt		>>source.txt
echo	===========================		>>source.txt	|	echo	链表（递归）.txt		>>source.txt	|	type	链表（递归）.txt		>>source.txt
echo	===========================		>>source.txt	|	echo	链队列.txt		>>source.txt	|	type	链队列.txt		>>source.txt
echo	===========================		>>source.txt	|	echo	队列.txt		>>source.txt	|	type	队列.txt		>>source.txt
echo	===========================		>>source.txt	|	echo	阶乘递归.txt		>>source.txt	|	type	阶乘递归.txt		>>source.txt
echo	===========================		>>source.txt	|	echo	阿姆斯特朗数.txt		>>source.txt	|	type	阿姆斯特朗数.txt		>>source.txt
echo	===========================		>>source.txt	|	echo	非递归.txt		>>source.txt	|	type	非递归.txt		>>source.txt
echo	===========================		>>source.txt	|	echo	顺序栈.txt		>>source.txt	|	type	顺序栈.txt		>>source.txt
echo	===========================		>>source.txt	|	echo	顺序表.txt		>>source.txt	|	type	顺序表.txt		>>source.txt
echo	===========================		>>source.txt	|	echo	顺序队列.txt		>>source.txt	|	type	顺序队列.txt		>>source.txt
echo	===========================		>>source.txt	|	echo	骑士遍历1.txt		>>source.txt	|	type	骑士遍历1.txt		>>source.txt
echo	===========================		>>source.txt	|	echo	骑士遍历2.txt		>>source.txt	|	type	骑士遍历2.txt		>>source.txt
echo	===========================		>>source.txt	|	echo	骑士遍历回逆.txt		>>source.txt	|	type	骑士遍历回逆.txt		>>source.txt
echo	===========================		>>source.txt	|	echo	黑白.txt		>>source.txt	|	type	黑白.txt		>>source.txt
