生成启动时间为 2016/5/24 15:51:48。
     1>项目“C:\Users\lenovo\Desktop\经典游戏程序设计\第3章 贪吃蛇\skyblue_Snake\Snake.vcxproj”在节点 2 上(Build 个目标)。
     1>ClCompile:
         D:\应用程序\Visual Studio2013\VC\bin\CL.exe /c /ZI /nologo /W3 /WX- /Od /Oy- /D WIN32 /D _DEBUG /D _WINDOWS /D _VC80_UPGRADE=0x0600 /D _MBCS /Gm /EHsc /RTC1 /MTd /GS /Gy- /fp:precise /Zc:wchar_t /Zc:forScope /Fo".\Debug\\" /Fd".\Debug\vc120.pdb" /Gd /TP /analyze- /errorReport:prompt main.cpp snake.cpp table.cpp
         table.cpp
         snake.cpp
         main.cpp
     1>c:\users\lenovo\desktop\经典游戏程序设计\第3章 贪吃蛇\skyblue_snake\main.cpp(305): warning C4996: 'itoa': The POSIX name for this item is deprecated. Instead, use the ISO C++ conformant name: _itoa. See online help for details.
                 d:\应用程序\visual studio2013\vc\include\stdlib.h(937) : 参见“itoa”的声明
     1>c:\users\lenovo\desktop\经典游戏程序设计\第3章 贪吃蛇\skyblue_snake\main.cpp(306): warning C4996: 'strcat': This function or variable may be unsafe. Consider using strcat_s instead. To disable deprecation, use _CRT_SECURE_NO_WARNINGS. See online help for details.
                 d:\应用程序\visual studio2013\vc\include\string.h(118) : 参见“strcat”的声明
     1>c:\users\lenovo\desktop\经典游戏程序设计\第3章 贪吃蛇\skyblue_snake\main.cpp(342): warning C4101: “strMark”: 未引用的局部变量
         正在生成代码...
       ResourceCompile:
         C:\Program Files (x86)\Windows Kits\8.1\bin\x86\rc.exe /D _DEBUG /D _VC80_UPGRADE=0x0600 /l"0x0804" /nologo /fo".\Debug\snaker.res" snaker.rc 
       Link:
         D:\应用程序\Visual Studio2013\VC\bin\link.exe /ERRORREPORT:PROMPT /OUT:".\Debug\Snake.exe" /INCREMENTAL /NOLOGO odbc32.lib odbccp32.lib kernel32.lib user32.lib gdi32.lib winspool.lib comdlg32.lib advapi32.lib shell32.lib ole32.lib oleaut32.lib uuid.lib odbc32.lib odbccp32.lib /MANIFEST /MANIFESTUAC:"level='asInvoker' uiAccess='false'" /manifest:embed /DEBUG /PDB:".\Debug\Snake.pdb" /SUBSYSTEM:WINDOWS /TLBID:1 /DYNAMICBASE /NXCOMPAT /IMPLIB:".\Debug\Snake.lib" /MACHINE:X86 /SAFESEH .\Debug\snaker.res
         .\Debug\main.obj
         .\Debug\snake.obj
         .\Debug\table.obj
     1>LINK : warning LNK4076: 增量状态文件“.\Debug\Snake.ilk”无效(将删除)；正以非增量方式链接
     1>main.obj : warning LNK4075: 忽略“/EDITANDCONTINUE”(由于“/OPT:LBR”规范)
         Snake.vcxproj -> C:\Users\lenovo\Desktop\经典游戏程序设计\第3章 贪吃蛇\skyblue_Snake\.\Debug\Snake.exe
     1>已完成生成项目“C:\Users\lenovo\Desktop\经典游戏程序设计\第3章 贪吃蛇\skyblue_Snake\Snake.vcxproj”(Build 个目标)的操作。

生成成功。

已用时间 00:00:03.76
