生成启动时间为 2016/5/24 15:49:32。
     1>项目“C:\Users\lenovo\Desktop\天天爱消除\GameEngine\GameEngine.vcxproj”在节点 2 上(Build 个目标)。
     1>ClCompile:
         D:\应用程序\Visual Studio2013\VC\bin\CL.exe /c /ZI /nologo /W3 /WX- /Od /Oy- /D WIN32 /D _WINDOWS /D _DEBUG /D _AFXEXT /D GAME_ENGINE_DLL /D _WINDLL /D _MBCS /D _AFXDLL /Gm /EHsc /RTC1 /MDd /GS /fp:precise /Zc:wchar_t /Zc:forScope /Yc"stdafx.h" /Fp"Debug\GameEngine.pch" /Fo"Debug\\" /Fd"Debug\vc120.pdb" /Gd /TP /analyze- /errorReport:prompt stdafx.cpp
         stdafx.cpp
     1>d:\应用程序\visual studio2013\vc\atlmfc\include\afx.h(38): warning C4996: 'MBCS_Support_Deprecated_In_MFC': MBCS support in MFC is deprecated and may be removed in a future version of MFC.
                 d:\应用程序\visual studio2013\vc\atlmfc\include\afx.h(33) : 参见“MBCS_Support_Deprecated_In_MFC”的声明
         D:\应用程序\Visual Studio2013\VC\bin\CL.exe /c /ZI /nologo /W3 /WX- /Od /Oy- /D WIN32 /D _WINDOWS /D _DEBUG /D _AFXEXT /D GAME_ENGINE_DLL /D _WINDLL /D _MBCS /D _AFXDLL /Gm /EHsc /RTC1 /MDd /GS /fp:precise /Zc:wchar_t /Zc:forScope /Fo"Debug\\" /Fd"Debug\vc120.pdb" /Gd /TP /analyze- /errorReport:prompt dllmain.cpp
         dllmain.cpp
     1>d:\应用程序\visual studio2013\vc\atlmfc\include\afx.h(38): warning C4996: 'MBCS_Support_Deprecated_In_MFC': MBCS support in MFC is deprecated and may be removed in a future version of MFC.
                 d:\应用程序\visual studio2013\vc\atlmfc\include\afx.h(33) : 参见“MBCS_Support_Deprecated_In_MFC”的声明
         D:\应用程序\Visual Studio2013\VC\bin\CL.exe /c /ZI /nologo /W3 /WX- /Od /Oy- /D WIN32 /D _WINDOWS /D _DEBUG /D _AFXEXT /D GAME_ENGINE_DLL /D _WINDLL /D _MBCS /D _AFXDLL /Gm /EHsc /RTC1 /MDd /GS /fp:precise /Zc:wchar_t /Zc:forScope /Yu"stdafx.h" /Fp"Debug\GameEngine.pch" /Fo"Debug\\" /Fd"Debug\vc120.pdb" /Gd /TP /analyze- /errorReport:prompt GameEngine.cpp D3DSound.cpp VirtualButton.cpp VirtualEngine.cpp VirtualListBox.cpp VirtualSlider.cpp VirtualWindow.cpp TraceDebug.cpp TraceDialog.cpp D3DFont.cpp D3DSprite.cpp D3DTexture.cpp LapseCount.cpp TextureManager.cpp D3DDevice.cpp D3DDirect.cpp GameFrameView.cpp
         GameFrameView.cpp
     1>c:\users\lenovo\desktop\天天爱消除\gameengine\gameenginehead.h(15): fatal error C1083: 无法打开包括文件: “D3Dx9.h”: No such file or directory
         D3DDirect.cpp
     1>c:\users\lenovo\desktop\天天爱消除\gameengine\gameenginehead.h(15): fatal error C1083: 无法打开包括文件: “D3Dx9.h”: No such file or directory
         D3DDevice.cpp
     1>c:\users\lenovo\desktop\天天爱消除\gameengine\gameenginehead.h(15): fatal error C1083: 无法打开包括文件: “D3Dx9.h”: No such file or directory
         TextureManager.cpp
     1>c:\users\lenovo\desktop\天天爱消除\gameengine\gameenginehead.h(15): fatal error C1083: 无法打开包括文件: “D3Dx9.h”: No such file or directory
         LapseCount.cpp
     1>c:\users\lenovo\desktop\天天爱消除\gameengine\gameenginehead.h(15): fatal error C1083: 无法打开包括文件: “D3Dx9.h”: No such file or directory
         D3DTexture.cpp
     1>c:\users\lenovo\desktop\天天爱消除\gameengine\gameenginehead.h(15): fatal error C1083: 无法打开包括文件: “D3Dx9.h”: No such file or directory
         D3DSprite.cpp
     1>c:\users\lenovo\desktop\天天爱消除\gameengine\gameenginehead.h(15): fatal error C1083: 无法打开包括文件: “D3Dx9.h”: No such file or directory
         D3DFont.cpp
     1>c:\users\lenovo\desktop\天天爱消除\gameengine\gameenginehead.h(15): fatal error C1083: 无法打开包括文件: “D3Dx9.h”: No such file or directory
         TraceDialog.cpp
     1>c:\users\lenovo\desktop\天天爱消除\gameengine\gameenginehead.h(15): fatal error C1083: 无法打开包括文件: “D3Dx9.h”: No such file or directory
         TraceDebug.cpp
     1>c:\users\lenovo\desktop\天天爱消除\gameengine\gameenginehead.h(15): fatal error C1083: 无法打开包括文件: “D3Dx9.h”: No such file or directory
         VirtualWindow.cpp
     1>c:\users\lenovo\desktop\天天爱消除\gameengine\gameenginehead.h(15): fatal error C1083: 无法打开包括文件: “D3Dx9.h”: No such file or directory
         VirtualSlider.cpp
     1>c:\users\lenovo\desktop\天天爱消除\gameengine\gameenginehead.h(15): fatal error C1083: 无法打开包括文件: “D3Dx9.h”: No such file or directory
         VirtualListBox.cpp
     1>c:\users\lenovo\desktop\天天爱消除\gameengine\gameenginehead.h(15): fatal error C1083: 无法打开包括文件: “D3Dx9.h”: No such file or directory
         VirtualEngine.cpp
     1>c:\users\lenovo\desktop\天天爱消除\gameengine\gameenginehead.h(15): fatal error C1083: 无法打开包括文件: “D3Dx9.h”: No such file or directory
         VirtualButton.cpp
     1>c:\users\lenovo\desktop\天天爱消除\gameengine\gameenginehead.h(15): fatal error C1083: 无法打开包括文件: “D3Dx9.h”: No such file or directory
         D3DSound.cpp
     1>c:\users\lenovo\desktop\天天爱消除\gameengine\gameenginehead.h(15): fatal error C1083: 无法打开包括文件: “D3Dx9.h”: No such file or directory
         GameEngine.cpp
         正在生成代码...
     1>已完成生成项目“C:\Users\lenovo\Desktop\天天爱消除\GameEngine\GameEngine.vcxproj”(Build 个目标)的操作 - 失败。

生成失败。

已用时间 00:00:05.97
